.probe
  .Aguide = Aguide n101Gc1 = 270
  .H = H n101Gc1 = 0
  .mm
    .back_absorption = 1
    .background = 0
    .intensity = 1
    .sample_broadening = 0
    .theta_offset = 0
  .mp = None
  .pm = None
  .pp
    .back_absorption = 1
    .background = 0
    .intensity = 1
    .sample_broadening = 0
    .theta_offset = 0
.sample
  .layers
    [0]
      .interface = SrTiO3 interface = 1.5
      .material
        .irho = SrTiO3 irho = 0
        .rho = SrTiO3 rho = 3.54
      .thickness = SrTiO3 thickness = 0
    [1]
      .interface = LaSrMnO3 interface = 0.949917 in [0,1]
      .magnetism
        .dead_above = LaSrMnO3 deadM above = 0
        .dead_below = LaSrMnO3 deadM below = 0
        .interface_above = None
        .interface_below = None
        .rhoM = LaSrMnO3 rhoM = 1.19996 in [0.8,1.2]
        .thetaM = LaSrMnO3 thetaM = 270
      .material
        .irho = LaSrMnO3 irho = 0
        .rho = LaSrMnO3 rho = 3.7
      .thickness = LaSrMnO3 thickness = 35.8995 in [32.3,35.9]
    [2]
      .interface = LaNiO3 interface = 0.124468 in [0,1]
      .material
        .irho = LaNiO3 irho = 0
        .rho = LaNiO3 rho = 6.359
      .thickness = LaNiO3 thickness = 12.096 in [10.9,12.1]
    [3]
      .interface = LaSrMnO3 interface = 0.367653 in [0,1]
      .magnetism
        .dead_above = LaSrMnO3 deadM above = 0
        .dead_below = LaSrMnO3 deadM below = 0
        .interface_above = None
        .interface_below = None
        .rhoM = LaSrMnO3 rhoM = 1.19997 in [0.8,1.2]
        .thetaM = LaSrMnO3 thetaM = 270
      .material
        .irho = LaSrMnO3 irho = 0
        .rho = LaSrMnO3 rho = 3.7
      .thickness = LaSrMnO3 thickness = 35.8992 in [32.3,35.9]
    [4]
      .interface = LaNiO3 interface = 0.0989928 in [0,1]
      .material
        .irho = LaNiO3 irho = 0
        .rho = LaNiO3 rho = 6.359
      .thickness = LaNiO3 thickness = 10.9043 in [10.9,12.1]
    [5]
      .interface = LaSrMnO3 interface = 0.34957 in [0,1]
      .magnetism
        .dead_above = LaSrMnO3 deadM above = 0
        .dead_below = LaSrMnO3 deadM below = 0
        .interface_above = None
        .interface_below = None
        .rhoM = LaSrMnO3 rhoM = 0.907516 in [0.8,1.2]
        .thetaM = LaSrMnO3 thetaM = 270
      .material
        .irho = LaSrMnO3 irho = 0
        .rho = LaSrMnO3 rho = 3.7
      .thickness = LaSrMnO3 thickness = 35.8994 in [32.3,35.9]
    [6]
      .interface = LaNiO3 interface = 0.0571578 in [0,1]
      .material
        .irho = LaNiO3 irho = 0
        .rho = LaNiO3 rho = 6.359
      .thickness = LaNiO3 thickness = 10.9019 in [10.9,12.1]
    [7]
      .interface = LaSrMnO3 interface = 0.217058 in [0,1]
      .magnetism
        .dead_above = LaSrMnO3 deadM above = 0
        .dead_below = LaSrMnO3 deadM below = 0
        .interface_above = None
        .interface_below = None
        .rhoM = LaSrMnO3 rhoM = 0.800026 in [0.8,1.2]
        .thetaM = LaSrMnO3 thetaM = 270
      .material
        .irho = LaSrMnO3 irho = 0
        .rho = LaSrMnO3 rho = 3.7
      .thickness = LaSrMnO3 thickness = 35.8995 in [32.3,35.9]
    [8]
      .interface = LaNiO3 interface = 0.288598 in [0,1]
      .material
        .irho = LaNiO3 irho = 0
        .rho = LaNiO3 rho = 6.359
      .thickness = LaNiO3 thickness = 10.9022 in [10.9,12.1]
    [9]
      .interface = LaSrMnO3 interface = 0.141047 in [0,1]
      .magnetism
        .dead_above = LaSrMnO3 deadM above = 0
        .dead_below = LaSrMnO3 deadM below = 0
        .interface_above = None
        .interface_below = None
        .rhoM = LaSrMnO3 rhoM = 0.800166 in [0.8,1.2]
        .thetaM = LaSrMnO3 thetaM = 270
      .material
        .irho = LaSrMnO3 irho = 0
        .rho = LaSrMnO3 rho = 3.7
      .thickness = LaSrMnO3 thickness = 35.8991 in [32.3,35.9]
    [10]
      .interface = LaNiO3 interface = 0.13913 in [0,1]
      .material
        .irho = LaNiO3 irho = 0
        .rho = LaNiO3 rho = 6.359
      .thickness = LaNiO3 thickness = 10.9005 in [10.9,12.1]
    [11]
      .interface = LaSrMnO3 interface = 0.0313646 in [0,1]
      .magnetism
        .dead_above = LaSrMnO3 deadM above = 0
        .dead_below = LaSrMnO3 deadM below = 0
        .interface_above = None
        .interface_below = None
        .rhoM = LaSrMnO3 rhoM = 0.800683 in [0.8,1.2]
        .thetaM = LaSrMnO3 thetaM = 270
      .material
        .irho = LaSrMnO3 irho = 0
        .rho = LaSrMnO3 rho = 3.7
      .thickness = LaSrMnO3 thickness = 35.9 in [32.3,35.9]
    [12]
      .interface = LaNiO3 interface = 0.133963 in [0,1]
      .material
        .irho = LaNiO3 irho = 0
        .rho = LaNiO3 rho = 6.359
      .thickness = LaNiO3 thickness = 3.65048 in [3.65,4.05]
    [13]
      .interface = LaSrMnO3 interface = 0.923883 in [0,1]
      .magnetism
        .dead_above = LaSrMnO3 deadM above = 0
        .dead_below = LaSrMnO3 deadM below = 0
        .interface_above = None
        .interface_below = None
        .rhoM = LaSrMnO3 rhoM = 0.800342 in [0.8,1.2]
        .thetaM = LaSrMnO3 thetaM = 270
      .material
        .irho = LaSrMnO3 irho = 0
        .rho = LaSrMnO3 rho = 3.7
      .thickness = LaSrMnO3 thickness = 35.8998 in [32.3,35.9]
    [14]
      .interface = LaNiO3 interface = 0.063203 in [0,1]
      .material
        .irho = LaNiO3 irho = 0
        .rho = LaNiO3 rho = 6.359
      .thickness = LaNiO3 thickness = 3.65059 in [3.65,4.05]
    [15]
      .interface = LaSrMnO3 interface = 0.322532 in [0,1]
      .magnetism
        .dead_above = LaSrMnO3 deadM above = 0
        .dead_below = LaSrMnO3 deadM below = 0
        .interface_above = None
        .interface_below = None
        .rhoM = LaSrMnO3 rhoM = 0.800145 in [0.8,1.2]
        .thetaM = LaSrMnO3 thetaM = 270
      .material
        .irho = LaSrMnO3 irho = 0
        .rho = LaSrMnO3 rho = 3.7
      .thickness = LaSrMnO3 thickness = 35.8996 in [32.3,35.9]
    [16]
      .interface = LaNiO3 interface = 0.0657976 in [0,1]
      .material
        .irho = LaNiO3 irho = 0
        .rho = LaNiO3 rho = 6.359
      .thickness = LaNiO3 thickness = 3.6516 in [3.65,4.05]
    [17]
      .interface = LaSrMnO3 interface = 0.119683 in [0,1]
      .magnetism
        .dead_above = LaSrMnO3 deadM above = 0
        .dead_below = LaSrMnO3 deadM below = 0
        .interface_above = None
        .interface_below = None
        .rhoM = LaSrMnO3 rhoM = 0.800211 in [0.8,1.2]
        .thetaM = LaSrMnO3 thetaM = 270
      .material
        .irho = LaSrMnO3 irho = 0
        .rho = LaSrMnO3 rho = 3.7
      .thickness = LaSrMnO3 thickness = 35.8975 in [32.3,35.9]
    [18]
      .interface = LaNiO3 interface = 0.957775 in [0,1]
      .material
        .irho = LaNiO3 irho = 0
        .rho = LaNiO3 rho = 6.359
      .thickness = LaNiO3 thickness = 3.65162 in [3.65,4.05]
    [19]
      .interface = LaSrMnO3 interface = 0.107568 in [0,1]
      .magnetism
        .dead_above = LaSrMnO3 deadM above = 0
        .dead_below = LaSrMnO3 deadM below = 0
        .interface_above = None
        .interface_below = None
        .rhoM = LaSrMnO3 rhoM = 0.800297 in [0.8,1.2]
        .thetaM = LaSrMnO3 thetaM = 270
      .material
        .irho = LaSrMnO3 irho = 0
        .rho = LaSrMnO3 rho = 3.7
      .thickness = LaSrMnO3 thickness = 35.8998 in [32.3,35.9]
    [20]
      .interface = LaNiO3 interface = 0.969634 in [0,1]
      .material
        .irho = LaNiO3 irho = 0
        .rho = LaNiO3 rho = 6.359
      .thickness = LaNiO3 thickness = 3.66172 in [3.65,4.05]
    [21]
      .interface = LaSrMnO3 interface = 0.0543685 in [0,1]
      .magnetism
        .dead_above = LaSrMnO3 deadM above = 0
        .dead_below = LaSrMnO3 deadM below = 0
        .interface_above = None
        .interface_below = None
        .rhoM = LaSrMnO3 rhoM = 0.800067 in [0.8,1.2]
        .thetaM = LaSrMnO3 thetaM = 270
      .material
        .irho = LaSrMnO3 irho = 0
        .rho = LaSrMnO3 rho = 3.7
      .thickness = LaSrMnO3 thickness = 35.8996 in [32.3,35.9]
    [22]
      .interface = LaNiO3 interface = 0.980637 in [0,1]
      .material
        .irho = LaNiO3 irho = 0
        .rho = LaNiO3 rho = 6.359
      .thickness = LaNiO3 thickness = 12.0994 in [10.9,12.1]
    [23]
      .interface = LaSrMnO3 interface = 0.0672914 in [0,1]
      .magnetism
        .dead_above = LaSrMnO3 deadM above = 0
        .dead_below = LaSrMnO3 deadM below = 0
        .interface_above = None
        .interface_below = None
        .rhoM = LaSrMnO3 rhoM = 0.800195 in [0.8,1.2]
        .thetaM = LaSrMnO3 thetaM = 270
      .material
        .irho = LaSrMnO3 irho = 0
        .rho = LaSrMnO3 rho = 3.7
      .thickness = LaSrMnO3 thickness = 35.8992 in [32.3,35.9]
    [24]
      .interface = LaNiO3 interface = 0.983672 in [0,1]
      .material
        .irho = LaNiO3 irho = 0
        .rho = LaNiO3 rho = 6.359
      .thickness = LaNiO3 thickness = 12.0998 in [10.9,12.1]
    [25]
      .interface = LaSrMnO3 interface = 0.141976 in [0,1]
      .magnetism
        .dead_above = LaSrMnO3 deadM above = 0
        .dead_below = LaSrMnO3 deadM below = 0
        .interface_above = None
        .interface_below = None
        .rhoM = LaSrMnO3 rhoM = 0.800171 in [0.8,1.2]
        .thetaM = LaSrMnO3 thetaM = 270
      .material
        .irho = LaSrMnO3 irho = 0
        .rho = LaSrMnO3 rho = 3.7
      .thickness = LaSrMnO3 thickness = 35.899 in [32.3,35.9]
    [26]
      .interface = LaNiO3 interface = 0.056647 in [0,1]
      .material
        .irho = LaNiO3 irho = 0
        .rho = LaNiO3 rho = 6.359
      .thickness = LaNiO3 thickness = 12.0997 in [10.9,12.1]
    [27]
      .interface = LaSrMnO3 interface = 0.147997 in [0,1]
      .magnetism
        .dead_above = LaSrMnO3 deadM above = 0
        .dead_below = LaSrMnO3 deadM below = 0
        .interface_above = None
        .interface_below = None
        .rhoM = LaSrMnO3 rhoM = 0.800301 in [0.8,1.2]
        .thetaM = LaSrMnO3 thetaM = 270
      .material
        .irho = LaSrMnO3 irho = 0
        .rho = LaSrMnO3 rho = 3.7
      .thickness = LaSrMnO3 thickness = 35.8982 in [32.3,35.9]
    [28]
      .interface = LaNiO3 interface = 0.145806 in [0,1]
      .material
        .irho = LaNiO3 irho = 0
        .rho = LaNiO3 rho = 6.359
      .thickness = LaNiO3 thickness = 12.0996 in [10.9,12.1]
    [29]
      .interface = LaSrMnO3 interface = 0.982718 in [0,1]
      .magnetism
        .dead_above = LaSrMnO3 deadM above = 0
        .dead_below = LaSrMnO3 deadM below = 0
        .interface_above = None
        .interface_below = None
        .rhoM = LaSrMnO3 rhoM = 0.800077 in [0.8,1.2]
        .thetaM = LaSrMnO3 thetaM = 270
      .material
        .irho = LaSrMnO3 irho = 0
        .rho = LaSrMnO3 rho = 3.7
      .thickness = LaSrMnO3 thickness = 35.8988 in [32.3,35.9]
    [30]
      .interface = LaNiO3 interface = 0.0764662 in [0,1]
      .material
        .irho = LaNiO3 irho = 0
        .rho = LaNiO3 rho = 6.359
      .thickness = LaNiO3 thickness = 12.0993 in [10.9,12.1]
    [31]
      .interface = air interface = 0
      .material = None
      .thickness = air thickness = 0
  .thickness = stack thickness = 672.957

[chisq=28.8(15), nllf=747.682]
