-- Model 0 T5unpol
.probe
  .back_absorption = back_absorption T5unpol = 1
  .background = background T5unpol = 0
  .intensity = intensity T5unpol = 1
  .sample_broadening = sample_broadening T5unpol = 0
  .theta_offset = theta_offset T5unpol = 0
.sample
  .layers
    [0]
      .interface = SrTiO3 interface = 0.0724809 in [0,1]
      .material
        .irho = SrTiO3 irho = 0
        .rho = SrTiO3 rho = 3.54
      .thickness = SrTiO3 thickness = 0
    [1]
      .interface = multilayer top interface = 0.442489 in [0,1]
      .repeat = multilayer repeats = 5
      .stack
        .layers
          [0]
            .interface = LaSrMnO3 interface = 0.997153 in [0,1]
            .material
              .irho = LaSrMnO3 irho = 0
              .rho = LaSrMnO3 rho = 3.70259 in [3.33,4.07]
            .thickness = LaSrMnO3 thickness = 34.45 in [33.75,34.45]
          [1]
            .interface = LaNiO3 interface = 0.996167 in [0,1]
            .material
              .irho = LaNiO3 irho = 0
              .rho = LaNiO3 rho = 6.3607 in [5.7,7]
            .thickness = LaNiO3 thickness = 12.0999 in [10.9,12.1]
        .thickness = stack thickness = 46.5499
      .thickness = repeat thickness = 232.75
    [2]
      .interface = multilayer top interface = 0.381208 in [0,1]
      .repeat = multilayer repeats = 5
      .stack
        .layers
          [0]
            .interface = LaSrMnO3 interface = 0.0500965 in [0,1]
            .material
              .irho = LaSrMnO3 irho = 0
              .rho = LaSrMnO3 rho = 3.70259 in [3.33,4.07]
            .thickness = LaSrMnO3 thickness = 34.4499 in [33.75,34.45]
          [1]
            .interface = LaNiO3 interface = 0.985802 in [0,1]
            .material
              .irho = LaNiO3 irho = 0
              .rho = LaNiO3 rho = 6.3607 in [5.7,7]
            .thickness = LaNiO3 thickness = 4.04999 in [3.65,4.05]
        .thickness = stack thickness = 38.4999
      .thickness = repeat thickness = 192.5
    [3]
      .interface = multilayer top interface = 0.0113292 in [0,1]
      .repeat = multilayer repeats = 5
      .stack
        .layers
          [0]
            .interface = LaSrMnO3 interface = 0.997153 in [0,1]
            .material
              .irho = LaSrMnO3 irho = 0
              .rho = LaSrMnO3 rho = 3.70259 in [3.33,4.07]
            .thickness = LaSrMnO3 thickness = 34.45 in [33.75,34.45]
          [1]
            .interface = LaNiO3 interface = 0.996167 in [0,1]
            .material
              .irho = LaNiO3 irho = 0
              .rho = LaNiO3 rho = 6.3607 in [5.7,7]
            .thickness = LaNiO3 thickness = 12.0999 in [10.9,12.1]
        .thickness = stack thickness = 46.5499
      .thickness = repeat thickness = 232.75
    [4]
      .interface = air interface = 0
      .material = None
      .thickness = air thickness = 0
  .thickness = stack thickness = 657.999

[chisq=137.21(25), nllf=4322.13]
-- Model 1 T5unpol
.probe
  .back_absorption = back_absorption T5unpol = 1
  .background = background T5unpol = 0
  .intensity = intensity T5unpol = 1
  .sample_broadening = sample_broadening T5unpol = 0
  .theta_offset = theta_offset T5unpol = 0
.sample
  .layers
    [0]
      .interface = SrTiO3 interface = 1.5
      .material
        .irho = SrTiO3 irho = 0
        .rho = SrTiO3 rho = 3.54
      .thickness = SrTiO3 thickness = 0
    [1]
      .interface = LaSrMnO3 interface = 0.0528088 in [0,1]
      .material
        .irho = LaSrMnO3 irho = 0
        .rho = LaSrMnO3 rho = 3.70259 in [3.33,4.07]
      .thickness = LaSrMnO3 thickness = 32.3028 in [32.3,35.9]
    [2]
      .interface = LaNiO3 interface = 0.0380179 in [0,1]
      .material
        .irho = LaNiO3 irho = 0
        .rho = LaNiO3 rho = 6.3607 in [5.7,7]
      .thickness = LaNiO3 thickness = 12.0997 in [10.9,12.1]
    [3]
      .interface = LaSrMnO3 interface = 0.983122 in [0,1]
      .material
        .irho = LaSrMnO3 irho = 0
        .rho = LaSrMnO3 rho = 3.70259 in [3.33,4.07]
      .thickness = LaSrMnO3 thickness = 35.8981 in [32.3,35.9]
    [4]
      .interface = LaNiO3 interface = 0.980956 in [0,1]
      .material
        .irho = LaNiO3 irho = 0
        .rho = LaNiO3 rho = 6.3607 in [5.7,7]
      .thickness = LaNiO3 thickness = 10.9023 in [10.9,12.1]
    [5]
      .interface = LaSrMnO3 interface = 0.0828253 in [0,1]
      .material
        .irho = LaSrMnO3 irho = 0
        .rho = LaSrMnO3 rho = 3.70259 in [3.33,4.07]
      .thickness = LaSrMnO3 thickness = 35.8994 in [32.3,35.9]
    [6]
      .interface = LaNiO3 interface = 0.0731351 in [0,1]
      .material
        .irho = LaNiO3 irho = 0
        .rho = LaNiO3 rho = 6.3607 in [5.7,7]
      .thickness = LaNiO3 thickness = 12.0962 in [10.9,12.1]
    [7]
      .interface = LaSrMnO3 interface = 0.985962 in [0,1]
      .material
        .irho = LaSrMnO3 irho = 0
        .rho = LaSrMnO3 rho = 3.70259 in [3.33,4.07]
      .thickness = LaSrMnO3 thickness = 35.8999 in [32.3,35.9]
    [8]
      .interface = LaNiO3 interface = 0.899958 in [0,1]
      .material
        .irho = LaNiO3 irho = 0
        .rho = LaNiO3 rho = 6.3607 in [5.7,7]
      .thickness = LaNiO3 thickness = 10.9002 in [10.9,12.1]
    [9]
      .interface = LaSrMnO3 interface = 0.051795 in [0,1]
      .material
        .irho = LaSrMnO3 irho = 0
        .rho = LaSrMnO3 rho = 3.70259 in [3.33,4.07]
      .thickness = LaSrMnO3 thickness = 35.898 in [32.3,35.9]
    [10]
      .interface = LaNiO3 interface = 0.0638322 in [0,1]
      .material
        .irho = LaNiO3 irho = 0
        .rho = LaNiO3 rho = 6.3607 in [5.7,7]
      .thickness = LaNiO3 thickness = 12.0992 in [10.9,12.1]
    [11]
      .interface = LaSrMnO3 interface = 0.907954 in [0,1]
      .material
        .irho = LaSrMnO3 irho = 0
        .rho = LaSrMnO3 rho = 3.70259 in [3.33,4.07]
      .thickness = LaSrMnO3 thickness = 35.8998 in [32.3,35.9]
    [12]
      .interface = LaNiO3 interface = 0.849217 in [0,1]
      .material
        .irho = LaNiO3 irho = 0
        .rho = LaNiO3 rho = 6.3607 in [5.7,7]
      .thickness = LaNiO3 thickness = 3.65028 in [3.65,4.05]
    [13]
      .interface = LaSrMnO3 interface = 0.0299949 in [0,1]
      .material
        .irho = LaSrMnO3 irho = 0
        .rho = LaSrMnO3 rho = 3.70259 in [3.33,4.07]
      .thickness = LaSrMnO3 thickness = 35.899 in [32.3,35.9]
    [14]
      .interface = LaNiO3 interface = 0.986305 in [0,1]
      .material
        .irho = LaNiO3 irho = 0
        .rho = LaNiO3 rho = 6.3607 in [5.7,7]
      .thickness = LaNiO3 thickness = 4.04953 in [3.65,4.05]
    [15]
      .interface = LaSrMnO3 interface = 0.959129 in [0,1]
      .material
        .irho = LaSrMnO3 irho = 0
        .rho = LaSrMnO3 rho = 3.70259 in [3.33,4.07]
      .thickness = LaSrMnO3 thickness = 35.6707 in [32.3,35.9]
    [16]
      .interface = LaNiO3 interface = 0.0735708 in [0,1]
      .material
        .irho = LaNiO3 irho = 0
        .rho = LaNiO3 rho = 6.3607 in [5.7,7]
      .thickness = LaNiO3 thickness = 4.04983 in [3.65,4.05]
    [17]
      .interface = LaSrMnO3 interface = 0.792029 in [0,1]
      .material
        .irho = LaSrMnO3 irho = 0
        .rho = LaSrMnO3 rho = 3.70259 in [3.33,4.07]
      .thickness = LaSrMnO3 thickness = 35.8898 in [32.3,35.9]
    [18]
      .interface = LaNiO3 interface = 0.0721516 in [0,1]
      .material
        .irho = LaNiO3 irho = 0
        .rho = LaNiO3 rho = 6.3607 in [5.7,7]
      .thickness = LaNiO3 thickness = 4.0494 in [3.65,4.05]
    [19]
      .interface = LaSrMnO3 interface = 0.174953 in [0,1]
      .material
        .irho = LaSrMnO3 irho = 0
        .rho = LaSrMnO3 rho = 3.70259 in [3.33,4.07]
      .thickness = LaSrMnO3 thickness = 35.8968 in [32.3,35.9]
    [20]
      .interface = LaNiO3 interface = 0.970667 in [0,1]
      .material
        .irho = LaNiO3 irho = 0
        .rho = LaNiO3 rho = 6.3607 in [5.7,7]
      .thickness = LaNiO3 thickness = 4.04799 in [3.65,4.05]
    [21]
      .interface = LaSrMnO3 interface = 0.971836 in [0,1]
      .material
        .irho = LaSrMnO3 irho = 0
        .rho = LaSrMnO3 rho = 3.70259 in [3.33,4.07]
      .thickness = LaSrMnO3 thickness = 35.8918 in [32.3,35.9]
    [22]
      .interface = LaNiO3 interface = 0.0338571 in [0,1]
      .material
        .irho = LaNiO3 irho = 0
        .rho = LaNiO3 rho = 6.3607 in [5.7,7]
      .thickness = LaNiO3 thickness = 12.0996 in [10.9,12.1]
    [23]
      .interface = LaSrMnO3 interface = 0.0705111 in [0,1]
      .material
        .irho = LaSrMnO3 irho = 0
        .rho = LaSrMnO3 rho = 3.70259 in [3.33,4.07]
      .thickness = LaSrMnO3 thickness = 35.8996 in [32.3,35.9]
    [24]
      .interface = LaNiO3 interface = 0.993481 in [0,1]
      .material
        .irho = LaNiO3 irho = 0
        .rho = LaNiO3 rho = 6.3607 in [5.7,7]
      .thickness = LaNiO3 thickness = 10.9003 in [10.9,12.1]
    [25]
      .interface = LaSrMnO3 interface = 0.997953 in [0,1]
      .material
        .irho = LaSrMnO3 irho = 0
        .rho = LaSrMnO3 rho = 3.70259 in [3.33,4.07]
      .thickness = LaSrMnO3 thickness = 32.3076 in [32.3,35.9]
    [26]
      .interface = LaNiO3 interface = 0.0178909 in [0,1]
      .material
        .irho = LaNiO3 irho = 0
        .rho = LaNiO3 rho = 6.3607 in [5.7,7]
      .thickness = LaNiO3 thickness = 12.0967 in [10.9,12.1]
    [27]
      .interface = LaSrMnO3 interface = 0.0167744 in [0,1]
      .material
        .irho = LaSrMnO3 irho = 0
        .rho = LaSrMnO3 rho = 3.70259 in [3.33,4.07]
      .thickness = LaSrMnO3 thickness = 35.8998 in [32.3,35.9]
    [28]
      .interface = LaNiO3 interface = 0.998576 in [0,1]
      .material
        .irho = LaNiO3 irho = 0
        .rho = LaNiO3 rho = 6.3607 in [5.7,7]
      .thickness = LaNiO3 thickness = 10.9023 in [10.9,12.1]
    [29]
      .interface = LaSrMnO3 interface = 0.998288 in [0,1]
      .material
        .irho = LaSrMnO3 irho = 0
        .rho = LaSrMnO3 rho = 3.70259 in [3.33,4.07]
      .thickness = LaSrMnO3 thickness = 32.3002 in [32.3,35.9]
    [30]
      .interface = LaNiO3 interface = 0.0135431 in [0,1]
      .material
        .irho = LaNiO3 irho = 0
        .rho = LaNiO3 rho = 6.3607 in [5.7,7]
      .thickness = LaNiO3 thickness = 12.1 in [10.9,12.1]
    [31]
      .interface = air interface = 0
      .material = None
      .thickness = air thickness = 0
  .thickness = stack thickness = 663.497

[chisq=115.1(11), nllf=3626.78]
[overall chisq=305.7(15), nllf=7948.91]
