.probe
  .Aguide = Aguide t5-1t = 270
  .H = H t5-1t = 0
  .mm
    .back_absorption = 1
    .background = 0
    .intensity = 1
    .sample_broadening = 0
    .theta_offset = 0
  .mp = None
  .pm
    .back_absorption = 1
    .background = 0
    .intensity = 1
    .sample_broadening = 0
    .theta_offset = 0
  .pp
    .back_absorption = 1
    .background = 0
    .intensity = 1
    .sample_broadening = 0
    .theta_offset = 0
.sample
  .layers
    [0]
      .interface = SrTiO3 interface = 1.5
      .material
        .irho = SrTiO3 irho = 0
        .rho = SrTiO3 rho = 3.54
      .thickness = SrTiO3 thickness = 0
    [1]
      .interface = LaSrMnO3 interface = 4.97349 in [0,5]
      .magnetism
        .dead_above = LaSrMnO3 deadM above = 0
        .dead_below = LaSrMnO3 deadM below = 0
        .interface_above = None
        .interface_below = None
        .rhoM = LaSrMnO3 rhoM = 1
        .thetaM = LaSrMnO3 thetaM = 270
      .material
        .irho = LaSrMnO3 irho = 0
        .rho = LaSrMnO3 rho = 3.7
      .thickness = LaSrMnO3 thickness = 35.8998 in [32.3,35.9]
    [2]
      .interface = LaNiO3 interface = 0.100779 in [0,5]
      .magnetism
        .dead_above = LaNiO3 deadM above = 0
        .dead_below = LaNiO3 deadM below = 0
        .interface_above = None
        .interface_below = None
        .rhoM = LaNiO3 rhoM = 0.3
        .thetaM = LaNiO3 thetaM = 270
      .material
        .irho = LaNiO3 irho = 0
        .rho = LaNiO3 rho = 6.359
      .thickness = LaNiO3 thickness = 12.0987 in [10.9,12.1]
    [3]
      .interface = LaSrMnO3 interface = 4.99181 in [0,5]
      .magnetism
        .dead_above = LaSrMnO3 deadM above = 0
        .dead_below = LaSrMnO3 deadM below = 0
        .interface_above = None
        .interface_below = None
        .rhoM = LaSrMnO3 rhoM = 1
        .thetaM = LaSrMnO3 thetaM = 270
      .material
        .irho = LaSrMnO3 irho = 0
        .rho = LaSrMnO3 rho = 3.7
      .thickness = LaSrMnO3 thickness = 35.8995 in [32.3,35.9]
    [4]
      .interface = LaNiO3 interface = 0.0227665 in [0,5]
      .magnetism
        .dead_above = LaNiO3 deadM above = 0
        .dead_below = LaNiO3 deadM below = 0
        .interface_above = None
        .interface_below = None
        .rhoM = LaNiO3 rhoM = 0.3
        .thetaM = LaNiO3 thetaM = 270
      .material
        .irho = LaNiO3 irho = 0
        .rho = LaNiO3 rho = 6.359
      .thickness = LaNiO3 thickness = 10.9029 in [10.9,12.1]
    [5]
      .interface = LaSrMnO3 interface = 4.99792 in [0,5]
      .magnetism
        .dead_above = LaSrMnO3 deadM above = 0
        .dead_below = LaSrMnO3 deadM below = 0
        .interface_above = None
        .interface_below = None
        .rhoM = LaSrMnO3 rhoM = 1
        .thetaM = LaSrMnO3 thetaM = 270
      .material
        .irho = LaSrMnO3 irho = 0
        .rho = LaSrMnO3 rho = 3.7
      .thickness = LaSrMnO3 thickness = 35.8995 in [32.3,35.9]
    [6]
      .interface = LaNiO3 interface = 0.0498523 in [0,5]
      .magnetism
        .dead_above = LaNiO3 deadM above = 0
        .dead_below = LaNiO3 deadM below = 0
        .interface_above = None
        .interface_below = None
        .rhoM = LaNiO3 rhoM = 0.3
        .thetaM = LaNiO3 thetaM = 270
      .material
        .irho = LaNiO3 irho = 0
        .rho = LaNiO3 rho = 6.359
      .thickness = LaNiO3 thickness = 10.9006 in [10.9,12.1]
    [7]
      .interface = LaSrMnO3 interface = 4.99627 in [0,5]
      .magnetism
        .dead_above = LaSrMnO3 deadM above = 0
        .dead_below = LaSrMnO3 deadM below = 0
        .interface_above = None
        .interface_below = None
        .rhoM = LaSrMnO3 rhoM = 1
        .thetaM = LaSrMnO3 thetaM = 270
      .material
        .irho = LaSrMnO3 irho = 0
        .rho = LaSrMnO3 rho = 3.7
      .thickness = LaSrMnO3 thickness = 35.8995 in [32.3,35.9]
    [8]
      .interface = LaNiO3 interface = 0.0756141 in [0,5]
      .magnetism
        .dead_above = LaNiO3 deadM above = 0
        .dead_below = LaNiO3 deadM below = 0
        .interface_above = None
        .interface_below = None
        .rhoM = LaNiO3 rhoM = 0.3
        .thetaM = LaNiO3 thetaM = 270
      .material
        .irho = LaNiO3 irho = 0
        .rho = LaNiO3 rho = 6.359
      .thickness = LaNiO3 thickness = 10.9002 in [10.9,12.1]
    [9]
      .interface = LaSrMnO3 interface = 4.99368 in [0,5]
      .magnetism
        .dead_above = LaSrMnO3 deadM above = 0
        .dead_below = LaSrMnO3 deadM below = 0
        .interface_above = None
        .interface_below = None
        .rhoM = LaSrMnO3 rhoM = 1
        .thetaM = LaSrMnO3 thetaM = 270
      .material
        .irho = LaSrMnO3 irho = 0
        .rho = LaSrMnO3 rho = 3.7
      .thickness = LaSrMnO3 thickness = 35.8998 in [32.3,35.9]
    [10]
      .interface = LaNiO3 interface = 0.070708 in [0,5]
      .magnetism
        .dead_above = LaNiO3 deadM above = 0
        .dead_below = LaNiO3 deadM below = 0
        .interface_above = None
        .interface_below = None
        .rhoM = LaNiO3 rhoM = 0.3
        .thetaM = LaNiO3 thetaM = 270
      .material
        .irho = LaNiO3 irho = 0
        .rho = LaNiO3 rho = 6.359
      .thickness = LaNiO3 thickness = 10.9001 in [10.9,12.1]
    [11]
      .interface = LaSrMnO3 interface = 4.93479 in [0,5]
      .magnetism
        .dead_above = LaSrMnO3 deadM above = 0
        .dead_below = LaSrMnO3 deadM below = 0
        .interface_above = None
        .interface_below = None
        .rhoM = LaSrMnO3 rhoM = 1
        .thetaM = LaSrMnO3 thetaM = 270
      .material
        .irho = LaSrMnO3 irho = 0
        .rho = LaSrMnO3 rho = 3.7
      .thickness = LaSrMnO3 thickness = 35.8996 in [32.3,35.9]
    [12]
      .interface = LaNiO3 interface = 0.119545 in [0,5]
      .magnetism
        .dead_above = LaNiO3 deadM above = 0
        .dead_below = LaNiO3 deadM below = 0
        .interface_above = None
        .interface_below = None
        .rhoM = LaNiO3 rhoM = 0.3
        .thetaM = LaNiO3 thetaM = 270
      .material
        .irho = LaNiO3 irho = 0
        .rho = LaNiO3 rho = 6.359
      .thickness = LaNiO3 thickness = 3.65027 in [3.65,4.05]
    [13]
      .interface = LaSrMnO3 interface = 4.977 in [0,5]
      .magnetism
        .dead_above = LaSrMnO3 deadM above = 0
        .dead_below = LaSrMnO3 deadM below = 0
        .interface_above = None
        .interface_below = None
        .rhoM = LaSrMnO3 rhoM = 1
        .thetaM = LaSrMnO3 thetaM = 270
      .material
        .irho = LaSrMnO3 irho = 0
        .rho = LaSrMnO3 rho = 3.7
      .thickness = LaSrMnO3 thickness = 35.8999 in [32.3,35.9]
    [14]
      .interface = LaNiO3 interface = 0.0951836 in [0,5]
      .magnetism
        .dead_above = LaNiO3 deadM above = 0
        .dead_below = LaNiO3 deadM below = 0
        .interface_above = None
        .interface_below = None
        .rhoM = LaNiO3 rhoM = 0.3
        .thetaM = LaNiO3 thetaM = 270
      .material
        .irho = LaNiO3 irho = 0
        .rho = LaNiO3 rho = 6.359
      .thickness = LaNiO3 thickness = 3.65004 in [3.65,4.05]
    [15]
      .interface = LaSrMnO3 interface = 0.237507 in [0,5]
      .magnetism
        .dead_above = LaSrMnO3 deadM above = 0
        .dead_below = LaSrMnO3 deadM below = 0
        .interface_above = None
        .interface_below = None
        .rhoM = LaSrMnO3 rhoM = 1
        .thetaM = LaSrMnO3 thetaM = 270
      .material
        .irho = LaSrMnO3 irho = 0
        .rho = LaSrMnO3 rho = 3.7
      .thickness = LaSrMnO3 thickness = 35.8997 in [32.3,35.9]
    [16]
      .interface = LaNiO3 interface = 4.99373 in [0,5]
      .magnetism
        .dead_above = LaNiO3 deadM above = 0
        .dead_below = LaNiO3 deadM below = 0
        .interface_above = None
        .interface_below = None
        .rhoM = LaNiO3 rhoM = 0.3
        .thetaM = LaNiO3 thetaM = 270
      .material
        .irho = LaNiO3 irho = 0
        .rho = LaNiO3 rho = 6.359
      .thickness = LaNiO3 thickness = 3.65002 in [3.65,4.05]
    [17]
      .interface = LaSrMnO3 interface = 0.0669381 in [0,5]
      .magnetism
        .dead_above = LaSrMnO3 deadM above = 0
        .dead_below = LaSrMnO3 deadM below = 0
        .interface_above = None
        .interface_below = None
        .rhoM = LaSrMnO3 rhoM = 1
        .thetaM = LaSrMnO3 thetaM = 270
      .material
        .irho = LaSrMnO3 irho = 0
        .rho = LaSrMnO3 rho = 3.7
      .thickness = LaSrMnO3 thickness = 35.9 in [32.3,35.9]
    [18]
      .interface = LaNiO3 interface = 4.98482 in [0,5]
      .magnetism
        .dead_above = LaNiO3 deadM above = 0
        .dead_below = LaNiO3 deadM below = 0
        .interface_above = None
        .interface_below = None
        .rhoM = LaNiO3 rhoM = 0.3
        .thetaM = LaNiO3 thetaM = 270
      .material
        .irho = LaNiO3 irho = 0
        .rho = LaNiO3 rho = 6.359
      .thickness = LaNiO3 thickness = 3.65001 in [3.65,4.05]
    [19]
      .interface = LaSrMnO3 interface = 0.0745285 in [0,5]
      .magnetism
        .dead_above = LaSrMnO3 deadM above = 0
        .dead_below = LaSrMnO3 deadM below = 0
        .interface_above = None
        .interface_below = None
        .rhoM = LaSrMnO3 rhoM = 1
        .thetaM = LaSrMnO3 thetaM = 270
      .material
        .irho = LaSrMnO3 irho = 0
        .rho = LaSrMnO3 rho = 3.7
      .thickness = LaSrMnO3 thickness = 35.8997 in [32.3,35.9]
    [20]
      .interface = LaNiO3 interface = 4.99702 in [0,5]
      .magnetism
        .dead_above = LaNiO3 deadM above = 0
        .dead_below = LaNiO3 deadM below = 0
        .interface_above = None
        .interface_below = None
        .rhoM = LaNiO3 rhoM = 0.3
        .thetaM = LaNiO3 thetaM = 270
      .material
        .irho = LaNiO3 irho = 0
        .rho = LaNiO3 rho = 6.359
      .thickness = LaNiO3 thickness = 3.65002 in [3.65,4.05]
    [21]
      .interface = LaSrMnO3 interface = 0.0241184 in [0,5]
      .magnetism
        .dead_above = LaSrMnO3 deadM above = 0
        .dead_below = LaSrMnO3 deadM below = 0
        .interface_above = None
        .interface_below = None
        .rhoM = LaSrMnO3 rhoM = 1
        .thetaM = LaSrMnO3 thetaM = 270
      .material
        .irho = LaSrMnO3 irho = 0
        .rho = LaSrMnO3 rho = 3.7
      .thickness = LaSrMnO3 thickness = 35.8995 in [32.3,35.9]
    [22]
      .interface = LaNiO3 interface = 4.99477 in [0,5]
      .magnetism
        .dead_above = LaNiO3 deadM above = 0
        .dead_below = LaNiO3 deadM below = 0
        .interface_above = None
        .interface_below = None
        .rhoM = LaNiO3 rhoM = 0.3
        .thetaM = LaNiO3 thetaM = 270
      .material
        .irho = LaNiO3 irho = 0
        .rho = LaNiO3 rho = 6.359
      .thickness = LaNiO3 thickness = 10.9001 in [10.9,12.1]
    [23]
      .interface = LaSrMnO3 interface = 0.0358122 in [0,5]
      .magnetism
        .dead_above = LaSrMnO3 deadM above = 0
        .dead_below = LaSrMnO3 deadM below = 0
        .interface_above = None
        .interface_below = None
        .rhoM = LaSrMnO3 rhoM = 1
        .thetaM = LaSrMnO3 thetaM = 270
      .material
        .irho = LaSrMnO3 irho = 0
        .rho = LaSrMnO3 rho = 3.7
      .thickness = LaSrMnO3 thickness = 35.8999 in [32.3,35.9]
    [24]
      .interface = LaNiO3 interface = 4.99728 in [0,5]
      .magnetism
        .dead_above = LaNiO3 deadM above = 0
        .dead_below = LaNiO3 deadM below = 0
        .interface_above = None
        .interface_below = None
        .rhoM = LaNiO3 rhoM = 0.3
        .thetaM = LaNiO3 thetaM = 270
      .material
        .irho = LaNiO3 irho = 0
        .rho = LaNiO3 rho = 6.359
      .thickness = LaNiO3 thickness = 12.098 in [10.9,12.1]
    [25]
      .interface = LaSrMnO3 interface = 0.171426 in [0,5]
      .magnetism
        .dead_above = LaSrMnO3 deadM above = 0
        .dead_below = LaSrMnO3 deadM below = 0
        .interface_above = None
        .interface_below = None
        .rhoM = LaSrMnO3 rhoM = 1
        .thetaM = LaSrMnO3 thetaM = 270
      .material
        .irho = LaSrMnO3 irho = 0
        .rho = LaSrMnO3 rho = 3.7
      .thickness = LaSrMnO3 thickness = 35.8999 in [32.3,35.9]
    [26]
      .interface = LaNiO3 interface = 4.98582 in [0,5]
      .magnetism
        .dead_above = LaNiO3 deadM above = 0
        .dead_below = LaNiO3 deadM below = 0
        .interface_above = None
        .interface_below = None
        .rhoM = LaNiO3 rhoM = 0.3
        .thetaM = LaNiO3 thetaM = 270
      .material
        .irho = LaNiO3 irho = 0
        .rho = LaNiO3 rho = 6.359
      .thickness = LaNiO3 thickness = 12.0997 in [10.9,12.1]
    [27]
      .interface = LaSrMnO3 interface = 0.0954896 in [0,5]
      .magnetism
        .dead_above = LaSrMnO3 deadM above = 0
        .dead_below = LaSrMnO3 deadM below = 0
        .interface_above = None
        .interface_below = None
        .rhoM = LaSrMnO3 rhoM = 1
        .thetaM = LaSrMnO3 thetaM = 270
      .material
        .irho = LaSrMnO3 irho = 0
        .rho = LaSrMnO3 rho = 3.7
      .thickness = LaSrMnO3 thickness = 35.8981 in [32.3,35.9]
    [28]
      .interface = LaNiO3 interface = 0.719654 in [0,5]
      .magnetism
        .dead_above = LaNiO3 deadM above = 0
        .dead_below = LaNiO3 deadM below = 0
        .interface_above = None
        .interface_below = None
        .rhoM = LaNiO3 rhoM = 0.3
        .thetaM = LaNiO3 thetaM = 270
      .material
        .irho = LaNiO3 irho = 0
        .rho = LaNiO3 rho = 6.359
      .thickness = LaNiO3 thickness = 12.0997 in [10.9,12.1]
    [29]
      .interface = LaSrMnO3 interface = 4.99241 in [0,5]
      .magnetism
        .dead_above = LaSrMnO3 deadM above = 0
        .dead_below = LaSrMnO3 deadM below = 0
        .interface_above = None
        .interface_below = None
        .rhoM = LaSrMnO3 rhoM = 1
        .thetaM = LaSrMnO3 thetaM = 270
      .material
        .irho = LaSrMnO3 irho = 0
        .rho = LaSrMnO3 rho = 3.7
      .thickness = LaSrMnO3 thickness = 35.8988 in [32.3,35.9]
    [30]
      .interface = LaNiO3 interface = 0.0777508 in [0,5]
      .magnetism
        .dead_above = LaNiO3 deadM above = 0
        .dead_below = LaNiO3 deadM below = 0
        .interface_above = None
        .interface_below = None
        .rhoM = LaNiO3 rhoM = 0.3
        .thetaM = LaNiO3 thetaM = 270
      .material
        .irho = LaNiO3 irho = 0
        .rho = LaNiO3 rho = 6.359
      .thickness = LaNiO3 thickness = 12.1 in [10.9,12.1]
    [31]
      .interface = air interface = 0
      .material = None
      .thickness = air thickness = 0
  .thickness = stack thickness = 671.744

[chisq=35.30(44), nllf=2612.27]
