.probe
  .Aguide = Aguide n101Gc1 = 270
  .H = H n101Gc1 = 0
  .mm
    .back_absorption = 1
    .background = 0
    .intensity = 1
    .sample_broadening = 0
    .theta_offset = 0
  .mp = None
  .pm
    .back_absorption = 1
    .background = 0
    .intensity = 1
    .sample_broadening = 0
    .theta_offset = 0
  .pp
    .back_absorption = 1
    .background = 0
    .intensity = 1
    .sample_broadening = 0
    .theta_offset = 0
.sample
  .layers
    [0]
      .interface = SrTiO3 interface = 1.5
      .material
        .irho = SrTiO3 irho = 0
        .rho = SrTiO3 rho = 3.54
      .thickness = SrTiO3 thickness = 0
    [1]
      .interface = LaSrMnO3 interface = 1 in [0,20]
      .magnetism
        .dead_above = LaSrMnO3 deadM above = 0
        .dead_below = LaSrMnO3 deadM below = 0
        .interface_above = None
        .interface_below = None
        .rhoM
          [0] = LaSrMnO3 rhoM[0] = 1.3 in [1.04,1.56]
          [1] = LaSrMnO3 rhoM[1] = 1.3 in [1.04,1.56]
        .thetaM
          [0] = LaSrMnO3 thetaM[0] = 270 in [0,359]
          [1] = LaSrMnO3 thetaM[1] = 270 in [0,359]
      .material
        .irho = LaSrMnO3 irho = 0
        .rho = LaSrMnO3 rho = 3.7
      .thickness = LaSrMnO3 thickness = 35.9 in [32.3,39.5]
    [2]
      .interface = LaNiO3 interface = 1 in [0,20]
      .magnetism
        .dead_above = LaNiO3 deadM above = 0
        .dead_below = LaNiO3 deadM below = 0
        .interface_above = None
        .interface_below = None
        .rhoM
          [0] = LaNiO3 rhoM[0] = 0.3 in [0.24,0.36]
          [1] = LaNiO3 rhoM[1] = 0.3 in [0.24,0.36]
        .thetaM
          [0] = LaNiO3 thetaM[0] = 270 in [0,359]
          [1] = LaNiO3 thetaM[1] = 270 in [0,359]
      .material
        .irho = LaNiO3 irho = 0
        .rho = LaNiO3 rho = 6.359
      .thickness = LaNiO3 thickness = 11.5 in [10.3,12.7]
    [3]
      .interface = LaSrMnO3 interface = 1 in [0,20]
      .magnetism
        .dead_above = LaSrMnO3 deadM above = 0
        .dead_below = LaSrMnO3 deadM below = 0
        .interface_above = None
        .interface_below = None
        .rhoM
          [0] = LaSrMnO3 rhoM[0] = 1.3 in [1.04,1.56]
          [1] = LaSrMnO3 rhoM[1] = 1.3 in [1.04,1.56]
        .thetaM
          [0] = LaSrMnO3 thetaM[0] = 270 in [0,359]
          [1] = LaSrMnO3 thetaM[1] = 270 in [0,359]
      .material
        .irho = LaSrMnO3 irho = 0
        .rho = LaSrMnO3 rho = 3.7
      .thickness = LaSrMnO3 thickness = 35.9 in [32.3,39.5]
    [4]
      .interface = LaNiO3 interface = 1 in [0,20]
      .magnetism
        .dead_above = LaNiO3 deadM above = 0
        .dead_below = LaNiO3 deadM below = 0
        .interface_above = None
        .interface_below = None
        .rhoM
          [0] = LaNiO3 rhoM[0] = 0.3 in [0.24,0.36]
          [1] = LaNiO3 rhoM[1] = 0.3 in [0.24,0.36]
        .thetaM
          [0] = LaNiO3 thetaM[0] = 270 in [0,359]
          [1] = LaNiO3 thetaM[1] = 270 in [0,359]
      .material
        .irho = LaNiO3 irho = 0
        .rho = LaNiO3 rho = 6.359
      .thickness = LaNiO3 thickness = 3.86 in [3.47,4.25]
    [5]
      .interface = LaSrMnO3 interface = 1 in [0,20]
      .magnetism
        .dead_above = LaSrMnO3 deadM above = 0
        .dead_below = LaSrMnO3 deadM below = 0
        .interface_above = None
        .interface_below = None
        .rhoM
          [0] = LaSrMnO3 rhoM[0] = 1.3 in [1.04,1.56]
          [1] = LaSrMnO3 rhoM[1] = 1.3 in [1.04,1.56]
        .thetaM
          [0] = LaSrMnO3 thetaM[0] = 270 in [0,359]
          [1] = LaSrMnO3 thetaM[1] = 270 in [0,359]
      .material
        .irho = LaSrMnO3 irho = 0
        .rho = LaSrMnO3 rho = 3.7
      .thickness = LaSrMnO3 thickness = 35.9 in [32.3,39.5]
    [6]
      .interface = LaNiO3 interface = 1 in [0,20]
      .magnetism
        .dead_above = LaNiO3 deadM above = 0
        .dead_below = LaNiO3 deadM below = 0
        .interface_above = None
        .interface_below = None
        .rhoM
          [0] = LaNiO3 rhoM[0] = 0.3 in [0.24,0.36]
          [1] = LaNiO3 rhoM[1] = 0.3 in [0.24,0.36]
        .thetaM
          [0] = LaNiO3 thetaM[0] = 270 in [0,359]
          [1] = LaNiO3 thetaM[1] = 270 in [0,359]
      .material
        .irho = LaNiO3 irho = 0
        .rho = LaNiO3 rho = 6.359
      .thickness = LaNiO3 thickness = 11.5 in [10.3,12.7]
    [7]
      .interface = LaSrMnO3 interface = 1 in [0,20]
      .magnetism
        .dead_above = LaSrMnO3 deadM above = 0
        .dead_below = LaSrMnO3 deadM below = 0
        .interface_above = None
        .interface_below = None
        .rhoM
          [0] = LaSrMnO3 rhoM[0] = 1.3 in [1.04,1.56]
          [1] = LaSrMnO3 rhoM[1] = 1.3 in [1.04,1.56]
        .thetaM
          [0] = LaSrMnO3 thetaM[0] = 270 in [0,359]
          [1] = LaSrMnO3 thetaM[1] = 270 in [0,359]
      .material
        .irho = LaSrMnO3 irho = 0
        .rho = LaSrMnO3 rho = 3.7
      .thickness = LaSrMnO3 thickness = 35.9 in [32.3,39.5]
    [8]
      .interface = LaNiO3 interface = 1 in [0,20]
      .magnetism
        .dead_above = LaNiO3 deadM above = 0
        .dead_below = LaNiO3 deadM below = 0
        .interface_above = None
        .interface_below = None
        .rhoM
          [0] = LaNiO3 rhoM[0] = 0.3 in [0.24,0.36]
          [1] = LaNiO3 rhoM[1] = 0.3 in [0.24,0.36]
        .thetaM
          [0] = LaNiO3 thetaM[0] = 270 in [0,359]
          [1] = LaNiO3 thetaM[1] = 270 in [0,359]
      .material
        .irho = LaNiO3 irho = 0
        .rho = LaNiO3 rho = 6.359
      .thickness = LaNiO3 thickness = 3.86 in [3.47,4.25]
    [9]
      .interface = LaSrMnO3 interface = 1 in [0,20]
      .magnetism
        .dead_above = LaSrMnO3 deadM above = 0
        .dead_below = LaSrMnO3 deadM below = 0
        .interface_above = None
        .interface_below = None
        .rhoM
          [0] = LaSrMnO3 rhoM[0] = 1.3 in [1.04,1.56]
          [1] = LaSrMnO3 rhoM[1] = 1.3 in [1.04,1.56]
        .thetaM
          [0] = LaSrMnO3 thetaM[0] = 270 in [0,359]
          [1] = LaSrMnO3 thetaM[1] = 270 in [0,359]
      .material
        .irho = LaSrMnO3 irho = 0
        .rho = LaSrMnO3 rho = 3.7
      .thickness = LaSrMnO3 thickness = 35.9 in [32.3,39.5]
    [10]
      .interface = LaNiO3 interface = 1 in [0,20]
      .magnetism
        .dead_above = LaNiO3 deadM above = 0
        .dead_below = LaNiO3 deadM below = 0
        .interface_above = None
        .interface_below = None
        .rhoM
          [0] = LaNiO3 rhoM[0] = 0.3 in [0.24,0.36]
          [1] = LaNiO3 rhoM[1] = 0.3 in [0.24,0.36]
        .thetaM
          [0] = LaNiO3 thetaM[0] = 270 in [0,359]
          [1] = LaNiO3 thetaM[1] = 270 in [0,359]
      .material
        .irho = LaNiO3 irho = 0
        .rho = LaNiO3 rho = 6.359
      .thickness = LaNiO3 thickness = 11.5 in [10.3,12.7]
    [11]
      .interface = LaSrMnO3 interface = 1 in [0,20]
      .magnetism
        .dead_above = LaSrMnO3 deadM above = 0
        .dead_below = LaSrMnO3 deadM below = 0
        .interface_above = None
        .interface_below = None
        .rhoM
          [0] = LaSrMnO3 rhoM[0] = 1.3 in [1.04,1.56]
          [1] = LaSrMnO3 rhoM[1] = 1.3 in [1.04,1.56]
        .thetaM
          [0] = LaSrMnO3 thetaM[0] = 270 in [0,359]
          [1] = LaSrMnO3 thetaM[1] = 270 in [0,359]
      .material
        .irho = LaSrMnO3 irho = 0
        .rho = LaSrMnO3 rho = 3.7
      .thickness = LaSrMnO3 thickness = 35.9 in [32.3,39.5]
    [12]
      .interface = LaNiO3 interface = 1 in [0,20]
      .magnetism
        .dead_above = LaNiO3 deadM above = 0
        .dead_below = LaNiO3 deadM below = 0
        .interface_above = None
        .interface_below = None
        .rhoM
          [0] = LaNiO3 rhoM[0] = 0.3 in [0.24,0.36]
          [1] = LaNiO3 rhoM[1] = 0.3 in [0.24,0.36]
        .thetaM
          [0] = LaNiO3 thetaM[0] = 270 in [0,359]
          [1] = LaNiO3 thetaM[1] = 270 in [0,359]
      .material
        .irho = LaNiO3 irho = 0
        .rho = LaNiO3 rho = 6.359
      .thickness = LaNiO3 thickness = 3.86 in [3.47,4.25]
    [13]
      .interface = LaSrMnO3 interface = 1 in [0,20]
      .magnetism
        .dead_above = LaSrMnO3 deadM above = 0
        .dead_below = LaSrMnO3 deadM below = 0
        .interface_above = None
        .interface_below = None
        .rhoM
          [0] = LaSrMnO3 rhoM[0] = 1.3 in [1.04,1.56]
          [1] = LaSrMnO3 rhoM[1] = 1.3 in [1.04,1.56]
        .thetaM
          [0] = LaSrMnO3 thetaM[0] = 270 in [0,359]
          [1] = LaSrMnO3 thetaM[1] = 270 in [0,359]
      .material
        .irho = LaSrMnO3 irho = 0
        .rho = LaSrMnO3 rho = 3.7
      .thickness = LaSrMnO3 thickness = 35.9 in [32.3,39.5]
    [14]
      .interface = LaNiO3 interface = 1 in [0,20]
      .magnetism
        .dead_above = LaNiO3 deadM above = 0
        .dead_below = LaNiO3 deadM below = 0
        .interface_above = None
        .interface_below = None
        .rhoM
          [0] = LaNiO3 rhoM[0] = 0.3 in [0.24,0.36]
          [1] = LaNiO3 rhoM[1] = 0.3 in [0.24,0.36]
        .thetaM
          [0] = LaNiO3 thetaM[0] = 270 in [0,359]
          [1] = LaNiO3 thetaM[1] = 270 in [0,359]
      .material
        .irho = LaNiO3 irho = 0
        .rho = LaNiO3 rho = 6.359
      .thickness = LaNiO3 thickness = 11.5 in [10.3,12.7]
    [15]
      .interface = LaSrMnO3 interface = 1 in [0,20]
      .magnetism
        .dead_above = LaSrMnO3 deadM above = 0
        .dead_below = LaSrMnO3 deadM below = 0
        .interface_above = None
        .interface_below = None
        .rhoM
          [0] = LaSrMnO3 rhoM[0] = 1.3 in [1.04,1.56]
          [1] = LaSrMnO3 rhoM[1] = 1.3 in [1.04,1.56]
        .thetaM
          [0] = LaSrMnO3 thetaM[0] = 270 in [0,359]
          [1] = LaSrMnO3 thetaM[1] = 270 in [0,359]
      .material
        .irho = LaSrMnO3 irho = 0
        .rho = LaSrMnO3 rho = 3.7
      .thickness = LaSrMnO3 thickness = 35.9 in [32.3,39.5]
    [16]
      .interface = LaNiO3 interface = 1 in [0,20]
      .magnetism
        .dead_above = LaNiO3 deadM above = 0
        .dead_below = LaNiO3 deadM below = 0
        .interface_above = None
        .interface_below = None
        .rhoM
          [0] = LaNiO3 rhoM[0] = 0.3 in [0.24,0.36]
          [1] = LaNiO3 rhoM[1] = 0.3 in [0.24,0.36]
        .thetaM
          [0] = LaNiO3 thetaM[0] = 270 in [0,359]
          [1] = LaNiO3 thetaM[1] = 270 in [0,359]
      .material
        .irho = LaNiO3 irho = 0
        .rho = LaNiO3 rho = 6.359
      .thickness = LaNiO3 thickness = 3.86 in [3.47,4.25]
    [17]
      .interface = LaSrMnO3 interface = 1 in [0,20]
      .magnetism
        .dead_above = LaSrMnO3 deadM above = 0
        .dead_below = LaSrMnO3 deadM below = 0
        .interface_above = None
        .interface_below = None
        .rhoM
          [0] = LaSrMnO3 rhoM[0] = 1.3 in [1.04,1.56]
          [1] = LaSrMnO3 rhoM[1] = 1.3 in [1.04,1.56]
        .thetaM
          [0] = LaSrMnO3 thetaM[0] = 270 in [0,359]
          [1] = LaSrMnO3 thetaM[1] = 270 in [0,359]
      .material
        .irho = LaSrMnO3 irho = 0
        .rho = LaSrMnO3 rho = 3.7
      .thickness = LaSrMnO3 thickness = 35.9 in [32.3,39.5]
    [18]
      .interface = LaNiO3 interface = 1 in [0,20]
      .magnetism
        .dead_above = LaNiO3 deadM above = 0
        .dead_below = LaNiO3 deadM below = 0
        .interface_above = None
        .interface_below = None
        .rhoM
          [0] = LaNiO3 rhoM[0] = 0.3 in [0.24,0.36]
          [1] = LaNiO3 rhoM[1] = 0.3 in [0.24,0.36]
        .thetaM
          [0] = LaNiO3 thetaM[0] = 270 in [0,359]
          [1] = LaNiO3 thetaM[1] = 270 in [0,359]
      .material
        .irho = LaNiO3 irho = 0
        .rho = LaNiO3 rho = 6.359
      .thickness = LaNiO3 thickness = 11.5 in [10.3,12.7]
    [19]
      .interface = LaSrMnO3 interface = 1 in [0,20]
      .magnetism
        .dead_above = LaSrMnO3 deadM above = 0
        .dead_below = LaSrMnO3 deadM below = 0
        .interface_above = None
        .interface_below = None
        .rhoM
          [0] = LaSrMnO3 rhoM[0] = 1.3 in [1.04,1.56]
          [1] = LaSrMnO3 rhoM[1] = 1.3 in [1.04,1.56]
        .thetaM
          [0] = LaSrMnO3 thetaM[0] = 270 in [0,359]
          [1] = LaSrMnO3 thetaM[1] = 270 in [0,359]
      .material
        .irho = LaSrMnO3 irho = 0
        .rho = LaSrMnO3 rho = 3.7
      .thickness = LaSrMnO3 thickness = 35.9 in [32.3,39.5]
    [20]
      .interface = LaNiO3 interface = 1 in [0,20]
      .magnetism
        .dead_above = LaNiO3 deadM above = 0
        .dead_below = LaNiO3 deadM below = 0
        .interface_above = None
        .interface_below = None
        .rhoM
          [0] = LaNiO3 rhoM[0] = 0.3 in [0.24,0.36]
          [1] = LaNiO3 rhoM[1] = 0.3 in [0.24,0.36]
        .thetaM
          [0] = LaNiO3 thetaM[0] = 270 in [0,359]
          [1] = LaNiO3 thetaM[1] = 270 in [0,359]
      .material
        .irho = LaNiO3 irho = 0
        .rho = LaNiO3 rho = 6.359
      .thickness = LaNiO3 thickness = 3.86 in [3.47,4.25]
    [21]
      .interface = LaSrMnO3 interface = 1 in [0,20]
      .magnetism
        .dead_above = LaSrMnO3 deadM above = 0
        .dead_below = LaSrMnO3 deadM below = 0
        .interface_above = None
        .interface_below = None
        .rhoM
          [0] = LaSrMnO3 rhoM[0] = 1.3 in [1.04,1.56]
          [1] = LaSrMnO3 rhoM[1] = 1.3 in [1.04,1.56]
        .thetaM
          [0] = LaSrMnO3 thetaM[0] = 270 in [0,359]
          [1] = LaSrMnO3 thetaM[1] = 270 in [0,359]
      .material
        .irho = LaSrMnO3 irho = 0
        .rho = LaSrMnO3 rho = 3.7
      .thickness = LaSrMnO3 thickness = 35.9 in [32.3,39.5]
    [22]
      .interface = LaNiO3 interface = 1 in [0,20]
      .magnetism
        .dead_above = LaNiO3 deadM above = 0
        .dead_below = LaNiO3 deadM below = 0
        .interface_above = None
        .interface_below = None
        .rhoM
          [0] = LaNiO3 rhoM[0] = 0.3 in [0.24,0.36]
          [1] = LaNiO3 rhoM[1] = 0.3 in [0.24,0.36]
        .thetaM
          [0] = LaNiO3 thetaM[0] = 270 in [0,359]
          [1] = LaNiO3 thetaM[1] = 270 in [0,359]
      .material
        .irho = LaNiO3 irho = 0
        .rho = LaNiO3 rho = 6.359
      .thickness = LaNiO3 thickness = 11.5 in [10.3,12.7]
    [23]
      .interface = LaSrMnO3 interface = 1 in [0,20]
      .magnetism
        .dead_above = LaSrMnO3 deadM above = 0
        .dead_below = LaSrMnO3 deadM below = 0
        .interface_above = None
        .interface_below = None
        .rhoM
          [0] = LaSrMnO3 rhoM[0] = 1.3 in [1.04,1.56]
          [1] = LaSrMnO3 rhoM[1] = 1.3 in [1.04,1.56]
        .thetaM
          [0] = LaSrMnO3 thetaM[0] = 270 in [0,359]
          [1] = LaSrMnO3 thetaM[1] = 270 in [0,359]
      .material
        .irho = LaSrMnO3 irho = 0
        .rho = LaSrMnO3 rho = 3.7
      .thickness = LaSrMnO3 thickness = 35.9 in [32.3,39.5]
    [24]
      .interface = LaNiO3 interface = 1 in [0,20]
      .magnetism
        .dead_above = LaNiO3 deadM above = 0
        .dead_below = LaNiO3 deadM below = 0
        .interface_above = None
        .interface_below = None
        .rhoM
          [0] = LaNiO3 rhoM[0] = 0.3 in [0.24,0.36]
          [1] = LaNiO3 rhoM[1] = 0.3 in [0.24,0.36]
        .thetaM
          [0] = LaNiO3 thetaM[0] = 270 in [0,359]
          [1] = LaNiO3 thetaM[1] = 270 in [0,359]
      .material
        .irho = LaNiO3 irho = 0
        .rho = LaNiO3 rho = 6.359
      .thickness = LaNiO3 thickness = 3.86 in [3.47,4.25]
    [25]
      .interface = LaSrMnO3 interface = 1 in [0,20]
      .magnetism
        .dead_above = LaSrMnO3 deadM above = 0
        .dead_below = LaSrMnO3 deadM below = 0
        .interface_above = None
        .interface_below = None
        .rhoM
          [0] = LaSrMnO3 rhoM[0] = 1.3 in [1.04,1.56]
          [1] = LaSrMnO3 rhoM[1] = 1.3 in [1.04,1.56]
        .thetaM
          [0] = LaSrMnO3 thetaM[0] = 270 in [0,359]
          [1] = LaSrMnO3 thetaM[1] = 270 in [0,359]
      .material
        .irho = LaSrMnO3 irho = 0
        .rho = LaSrMnO3 rho = 3.7
      .thickness = LaSrMnO3 thickness = 35.9 in [32.3,39.5]
    [26]
      .interface = LaNiO3 interface = 1 in [0,20]
      .magnetism
        .dead_above = LaNiO3 deadM above = 0
        .dead_below = LaNiO3 deadM below = 0
        .interface_above = None
        .interface_below = None
        .rhoM
          [0] = LaNiO3 rhoM[0] = 0.3 in [0.24,0.36]
          [1] = LaNiO3 rhoM[1] = 0.3 in [0.24,0.36]
        .thetaM
          [0] = LaNiO3 thetaM[0] = 270 in [0,359]
          [1] = LaNiO3 thetaM[1] = 270 in [0,359]
      .material
        .irho = LaNiO3 irho = 0
        .rho = LaNiO3 rho = 6.359
      .thickness = LaNiO3 thickness = 11.5 in [10.3,12.7]
    [27]
      .interface = LaSrMnO3 interface = 1 in [0,20]
      .magnetism
        .dead_above = LaSrMnO3 deadM above = 0
        .dead_below = LaSrMnO3 deadM below = 0
        .interface_above = None
        .interface_below = None
        .rhoM
          [0] = LaSrMnO3 rhoM[0] = 1.3 in [1.04,1.56]
          [1] = LaSrMnO3 rhoM[1] = 1.3 in [1.04,1.56]
        .thetaM
          [0] = LaSrMnO3 thetaM[0] = 270 in [0,359]
          [1] = LaSrMnO3 thetaM[1] = 270 in [0,359]
      .material
        .irho = LaSrMnO3 irho = 0
        .rho = LaSrMnO3 rho = 3.7
      .thickness = LaSrMnO3 thickness = 35.9 in [32.3,39.5]
    [28]
      .interface = LaNiO3 interface = 1 in [0,20]
      .magnetism
        .dead_above = LaNiO3 deadM above = 0
        .dead_below = LaNiO3 deadM below = 0
        .interface_above = None
        .interface_below = None
        .rhoM
          [0] = LaNiO3 rhoM[0] = 0.3 in [0.24,0.36]
          [1] = LaNiO3 rhoM[1] = 0.3 in [0.24,0.36]
        .thetaM
          [0] = LaNiO3 thetaM[0] = 270 in [0,359]
          [1] = LaNiO3 thetaM[1] = 270 in [0,359]
      .material
        .irho = LaNiO3 irho = 0
        .rho = LaNiO3 rho = 6.359
      .thickness = LaNiO3 thickness = 3.86 in [3.47,4.25]
    [29]
      .interface = LaSrMnO3 interface = 1 in [0,20]
      .magnetism
        .dead_above = LaSrMnO3 deadM above = 0
        .dead_below = LaSrMnO3 deadM below = 0
        .interface_above = None
        .interface_below = None
        .rhoM
          [0] = LaSrMnO3 rhoM[0] = 1.3 in [1.04,1.56]
          [1] = LaSrMnO3 rhoM[1] = 1.3 in [1.04,1.56]
        .thetaM
          [0] = LaSrMnO3 thetaM[0] = 270 in [0,359]
          [1] = LaSrMnO3 thetaM[1] = 270 in [0,359]
      .material
        .irho = LaSrMnO3 irho = 0
        .rho = LaSrMnO3 rho = 3.7
      .thickness = LaSrMnO3 thickness = 35.9 in [32.3,39.5]
    [30]
      .interface = LaNiO3 interface = 1 in [0,20]
      .magnetism
        .dead_above = LaNiO3 deadM above = 0
        .dead_below = LaNiO3 deadM below = 0
        .interface_above = None
        .interface_below = None
        .rhoM
          [0] = LaNiO3 rhoM[0] = 0.3 in [0.24,0.36]
          [1] = LaNiO3 rhoM[1] = 0.3 in [0.24,0.36]
        .thetaM
          [0] = LaNiO3 thetaM[0] = 270 in [0,359]
          [1] = LaNiO3 thetaM[1] = 270 in [0,359]
      .material
        .irho = LaNiO3 irho = 0
        .rho = LaNiO3 rho = 6.359
      .thickness = LaNiO3 thickness = 11.5 in [10.3,12.7]
    [31]
      .interface = air interface = 0
      .material = None
      .thickness = air thickness = 0
  .thickness = stack thickness = 657.52

[chisq=899.9(18), nllf=45895.9]
