.probe
  .Aguide = Aguide n3n1-1t = 270
  .H = H n3n1-1t = 0
  .mm
    .back_absorption = 1
    .background = 0
    .intensity = 1
    .sample_broadening = 0
    .theta_offset = 0
  .mp = None
  .pm
    .back_absorption = 1
    .background = 0
    .intensity = 1
    .sample_broadening = 0
    .theta_offset = 0
  .pp
    .back_absorption = 1
    .background = 0
    .intensity = 1
    .sample_broadening = 0
    .theta_offset = 0
.sample
  .layers
    [0]
      .interface = SrTiO3 interface = 1.5
      .material
        .irho = SrTiO3 irho = 0
        .rho = SrTiO3 rho = 3.54
      .thickness = SrTiO3 thickness = 0
    [1]
      .interface = SLD interface = 1.11985 in [0.5,1.5]
      .magnetism
        .dead_above = SLD deadM above = 0
        .dead_below = SLD deadM below = 0
        .interface_above = None
        .interface_below = None
        .rhoM = SLD rhoM = 1
        .thetaM = SLD thetaM = 90
      .material
        .irho = SLD irho = 0
        .rho = SLD rho = 6.593
      .thickness = SLD thickness = 31.5007 in [31.5,40.3]
    [2]
      .interface = LaNiO3 interface = 1.49901 in [0.5,1.5]
      .magnetism
        .dead_above = LaNiO3 deadM above = 0
        .dead_below = LaNiO3 deadM below = 0
        .interface_above = None
        .interface_below = None
        .rhoM = LaNiO3 rhoM = 0.3
        .thetaM = LaNiO3 thetaM = 90
      .material
        .irho = LaNiO3 irho = 0
        .rho = LaNiO3 rho = 6.359
      .thickness = LaNiO3 thickness = 3.39032 in [3.39,4.33]
    [3]
      .interface = LaSrMnO3 interface = 1.4931 in [0.5,1.5]
      .magnetism
        .dead_above = LaSrMnO3 deadM above = 0
        .dead_below = LaSrMnO3 deadM below = 0
        .interface_above = None
        .interface_below = None
        .rhoM = LaSrMnO3 rhoM = 1
        .thetaM = LaSrMnO3 thetaM = 90
      .material
        .irho = LaSrMnO3 irho = 0
        .rho = LaSrMnO3 rho = 3.7
      .thickness = LaSrMnO3 thickness = 31.5039 in [31.5,40.3]
    [4]
      .interface = LaNiO3 interface = 1.49527 in [0.5,1.5]
      .magnetism
        .dead_above = LaNiO3 deadM above = 0
        .dead_below = LaNiO3 deadM below = 0
        .interface_above = None
        .interface_below = None
        .rhoM = LaNiO3 rhoM = 0.3
        .thetaM = LaNiO3 thetaM = 90
      .material
        .irho = LaNiO3 irho = 0
        .rho = LaNiO3 rho = 6.359
      .thickness = LaNiO3 thickness = 10.1002 in [10.1,12.9]
    [5]
      .interface = LaSrMnO3 interface = 1.49356 in [0.5,1.5]
      .magnetism
        .dead_above = LaSrMnO3 deadM above = 0
        .dead_below = LaSrMnO3 deadM below = 0
        .interface_above = None
        .interface_below = None
        .rhoM = LaSrMnO3 rhoM = 1
        .thetaM = LaSrMnO3 thetaM = 90
      .material
        .irho = LaSrMnO3 irho = 0
        .rho = LaSrMnO3 rho = 3.7
      .thickness = LaSrMnO3 thickness = 39.8711 in [31.5,40.3]
    [6]
      .interface = LaNiO3 interface = 1.18012 in [0.5,1.5]
      .magnetism
        .dead_above = LaNiO3 deadM above = 0
        .dead_below = LaNiO3 deadM below = 0
        .interface_above = None
        .interface_below = None
        .rhoM = LaNiO3 rhoM = 0.3
        .thetaM = LaNiO3 thetaM = 90
      .material
        .irho = LaNiO3 irho = 0
        .rho = LaNiO3 rho = 6.359
      .thickness = LaNiO3 thickness = 3.39003 in [3.39,4.33]
    [7]
      .interface = LaSrMnO3 interface = 0.680833 in [0.5,1.5]
      .magnetism
        .dead_above = LaSrMnO3 deadM above = 0
        .dead_below = LaSrMnO3 deadM below = 0
        .interface_above = None
        .interface_below = None
        .rhoM = LaSrMnO3 rhoM = 1
        .thetaM = LaSrMnO3 thetaM = 90
      .material
        .irho = LaSrMnO3 irho = 0
        .rho = LaSrMnO3 rho = 3.7
      .thickness = LaSrMnO3 thickness = 40.2924 in [31.5,40.3]
    [8]
      .interface = LaNiO3 interface = 1.49733 in [0.5,1.5]
      .magnetism
        .dead_above = LaNiO3 deadM above = 0
        .dead_below = LaNiO3 deadM below = 0
        .interface_above = None
        .interface_below = None
        .rhoM = LaNiO3 rhoM = 0.3
        .thetaM = LaNiO3 thetaM = 90
      .material
        .irho = LaNiO3 irho = 0
        .rho = LaNiO3 rho = 6.359
      .thickness = LaNiO3 thickness = 10.1012 in [10.1,12.9]
    [9]
      .interface = LaSrMnO3 interface = 1.49919 in [0.5,1.5]
      .magnetism
        .dead_above = LaSrMnO3 deadM above = 0
        .dead_below = LaSrMnO3 deadM below = 0
        .interface_above = None
        .interface_below = None
        .rhoM = LaSrMnO3 rhoM = 1
        .thetaM = LaSrMnO3 thetaM = 90
      .material
        .irho = LaSrMnO3 irho = 0
        .rho = LaSrMnO3 rho = 3.7
      .thickness = LaSrMnO3 thickness = 31.5057 in [31.5,40.3]
    [10]
      .interface = LaNiO3 interface = 0.671196 in [0.5,1.5]
      .magnetism
        .dead_above = LaNiO3 deadM above = 0
        .dead_below = LaNiO3 deadM below = 0
        .interface_above = None
        .interface_below = None
        .rhoM = LaNiO3 rhoM = 0.3
        .thetaM = LaNiO3 thetaM = 90
      .material
        .irho = LaNiO3 irho = 0
        .rho = LaNiO3 rho = 6.359
      .thickness = LaNiO3 thickness = 10.1002 in [10.1,12.9]
    [11]
      .interface = LaSrMnO3 interface = 1.49869 in [0.5,1.5]
      .magnetism
        .dead_above = LaSrMnO3 deadM above = 0
        .dead_below = LaSrMnO3 deadM below = 0
        .interface_above = None
        .interface_below = None
        .rhoM = LaSrMnO3 rhoM = 1
        .thetaM = LaSrMnO3 thetaM = 90
      .material
        .irho = LaSrMnO3 irho = 0
        .rho = LaSrMnO3 rho = 3.7
      .thickness = LaSrMnO3 thickness = 31.512 in [31.5,40.3]
    [12]
      .interface = LaNiO3 interface = 1.47321 in [0.5,1.5]
      .magnetism
        .dead_above = LaNiO3 deadM above = 0
        .dead_below = LaNiO3 deadM below = 0
        .interface_above = None
        .interface_below = None
        .rhoM = LaNiO3 rhoM = 0.3
        .thetaM = LaNiO3 thetaM = 90
      .material
        .irho = LaNiO3 irho = 0
        .rho = LaNiO3 rho = 6.359
      .thickness = LaNiO3 thickness = 3.39106 in [3.39,4.33]
    [13]
      .interface = LaSrMnO3 interface = 1.49905 in [0.5,1.5]
      .magnetism
        .dead_above = LaSrMnO3 deadM above = 0
        .dead_below = LaSrMnO3 deadM below = 0
        .interface_above = None
        .interface_below = None
        .rhoM = LaSrMnO3 rhoM = 1
        .thetaM = LaSrMnO3 thetaM = 90
      .material
        .irho = LaSrMnO3 irho = 0
        .rho = LaSrMnO3 rho = 3.7
      .thickness = LaSrMnO3 thickness = 31.5081 in [31.5,40.3]
    [14]
      .interface = LaNiO3 interface = 1.4942 in [0.5,1.5]
      .magnetism
        .dead_above = LaNiO3 deadM above = 0
        .dead_below = LaNiO3 deadM below = 0
        .interface_above = None
        .interface_below = None
        .rhoM = LaNiO3 rhoM = 0.3
        .thetaM = LaNiO3 thetaM = 90
      .material
        .irho = LaNiO3 irho = 0
        .rho = LaNiO3 rho = 6.359
      .thickness = LaNiO3 thickness = 10.1005 in [10.1,12.9]
    [15]
      .interface = LaSrMnO3 interface = 1.47862 in [0.5,1.5]
      .magnetism
        .dead_above = LaSrMnO3 deadM above = 0
        .dead_below = LaSrMnO3 deadM below = 0
        .interface_above = None
        .interface_below = None
        .rhoM = LaSrMnO3 rhoM = 1
        .thetaM = LaSrMnO3 thetaM = 90
      .material
        .irho = LaSrMnO3 irho = 0
        .rho = LaSrMnO3 rho = 3.7
      .thickness = LaSrMnO3 thickness = 33.7231 in [31.5,40.3]
    [16]
      .interface = LaNiO3 interface = 0.643806 in [0.5,1.5]
      .magnetism
        .dead_above = LaNiO3 deadM above = 0
        .dead_below = LaNiO3 deadM below = 0
        .interface_above = None
        .interface_below = None
        .rhoM = LaNiO3 rhoM = 0.3
        .thetaM = LaNiO3 thetaM = 90
      .material
        .irho = LaNiO3 irho = 0
        .rho = LaNiO3 rho = 6.359
      .thickness = LaNiO3 thickness = 3.39005 in [3.39,4.33]
    [17]
      .interface = LaSrMnO3 interface = 1.48953 in [0.5,1.5]
      .magnetism
        .dead_above = LaSrMnO3 deadM above = 0
        .dead_below = LaSrMnO3 deadM below = 0
        .interface_above = None
        .interface_below = None
        .rhoM = LaSrMnO3 rhoM = 1
        .thetaM = LaSrMnO3 thetaM = 90
      .material
        .irho = LaSrMnO3 irho = 0
        .rho = LaSrMnO3 rho = 3.7
      .thickness = LaSrMnO3 thickness = 35.7881 in [31.5,40.3]
    [18]
      .interface = LaNiO3 interface = 1.49784 in [0.5,1.5]
      .magnetism
        .dead_above = LaNiO3 deadM above = 0
        .dead_below = LaNiO3 deadM below = 0
        .interface_above = None
        .interface_below = None
        .rhoM = LaNiO3 rhoM = 0.3
        .thetaM = LaNiO3 thetaM = 90
      .material
        .irho = LaNiO3 irho = 0
        .rho = LaNiO3 rho = 6.359
      .thickness = LaNiO3 thickness = 10.1 in [10.1,12.9]
    [19]
      .interface = LaSrMnO3 interface = 1.48811 in [0.5,1.5]
      .magnetism
        .dead_above = LaSrMnO3 deadM above = 0
        .dead_below = LaSrMnO3 deadM below = 0
        .interface_above = None
        .interface_below = None
        .rhoM = LaSrMnO3 rhoM = 1
        .thetaM = LaSrMnO3 thetaM = 90
      .material
        .irho = LaSrMnO3 irho = 0
        .rho = LaSrMnO3 rho = 3.7
      .thickness = LaSrMnO3 thickness = 32.3533 in [31.5,40.3]
    [20]
      .interface = LaNiO3 interface = 0.599336 in [0.5,1.5]
      .magnetism
        .dead_above = LaNiO3 deadM above = 0
        .dead_below = LaNiO3 deadM below = 0
        .interface_above = None
        .interface_below = None
        .rhoM = LaNiO3 rhoM = 0.3
        .thetaM = LaNiO3 thetaM = 90
      .material
        .irho = LaNiO3 irho = 0
        .rho = LaNiO3 rho = 6.359
      .thickness = LaNiO3 thickness = 3.39009 in [3.39,4.33]
    [21]
      .interface = LaSrMnO3 interface = 1.49449 in [0.5,1.5]
      .magnetism
        .dead_above = LaSrMnO3 deadM above = 0
        .dead_below = LaSrMnO3 deadM below = 0
        .interface_above = None
        .interface_below = None
        .rhoM = LaSrMnO3 rhoM = 1
        .thetaM = LaSrMnO3 thetaM = 90
      .material
        .irho = LaSrMnO3 irho = 0
        .rho = LaSrMnO3 rho = 3.7
      .thickness = LaSrMnO3 thickness = 38.7104 in [31.5,40.3]
    [22]
      .interface = LaNiO3 interface = 1.0557 in [0.5,1.5]
      .magnetism
        .dead_above = LaNiO3 deadM above = 0
        .dead_below = LaNiO3 deadM below = 0
        .interface_above = None
        .interface_below = None
        .rhoM = LaNiO3 rhoM = 0.3
        .thetaM = LaNiO3 thetaM = 90
      .material
        .irho = LaNiO3 irho = 0
        .rho = LaNiO3 rho = 6.359
      .thickness = LaNiO3 thickness = 10.1006 in [10.1,12.9]
    [23]
      .interface = LaSrMnO3 interface = 0.577884 in [0.5,1.5]
      .magnetism
        .dead_above = LaSrMnO3 deadM above = 0
        .dead_below = LaSrMnO3 deadM below = 0
        .interface_above = None
        .interface_below = None
        .rhoM = LaSrMnO3 rhoM = 1
        .thetaM = LaSrMnO3 thetaM = 90
      .material
        .irho = LaSrMnO3 irho = 0
        .rho = LaSrMnO3 rho = 3.7
      .thickness = LaSrMnO3 thickness = 40.294 in [31.5,40.3]
    [24]
      .interface = LaNiO3 interface = 1.49727 in [0.5,1.5]
      .magnetism
        .dead_above = LaNiO3 deadM above = 0
        .dead_below = LaNiO3 deadM below = 0
        .interface_above = None
        .interface_below = None
        .rhoM = LaNiO3 rhoM = 0.3
        .thetaM = LaNiO3 thetaM = 90
      .material
        .irho = LaNiO3 irho = 0
        .rho = LaNiO3 rho = 6.359
      .thickness = LaNiO3 thickness = 3.39087 in [3.39,4.33]
    [25]
      .interface = LaSrMnO3 interface = 1.49732 in [0.5,1.5]
      .magnetism
        .dead_above = LaSrMnO3 deadM above = 0
        .dead_below = LaSrMnO3 deadM below = 0
        .interface_above = None
        .interface_below = None
        .rhoM = LaSrMnO3 rhoM = 1
        .thetaM = LaSrMnO3 thetaM = 90
      .material
        .irho = LaSrMnO3 irho = 0
        .rho = LaSrMnO3 rho = 3.7
      .thickness = LaSrMnO3 thickness = 34.9895 in [31.5,40.3]
    [26]
      .interface = LaNiO3 interface = 1.32091 in [0.5,1.5]
      .magnetism
        .dead_above = LaNiO3 deadM above = 0
        .dead_below = LaNiO3 deadM below = 0
        .interface_above = None
        .interface_below = None
        .rhoM = LaNiO3 rhoM = 0.3
        .thetaM = LaNiO3 thetaM = 90
      .material
        .irho = LaNiO3 irho = 0
        .rho = LaNiO3 rho = 6.359
      .thickness = LaNiO3 thickness = 10.1013 in [10.1,12.9]
    [27]
      .interface = LaSrMnO3 interface = 1.07474 in [0.5,1.5]
      .magnetism
        .dead_above = LaSrMnO3 deadM above = 0
        .dead_below = LaSrMnO3 deadM below = 0
        .interface_above = None
        .interface_below = None
        .rhoM = LaSrMnO3 rhoM = 1
        .thetaM = LaSrMnO3 thetaM = 90
      .material
        .irho = LaSrMnO3 irho = 0
        .rho = LaSrMnO3 rho = 3.7
      .thickness = LaSrMnO3 thickness = 40.2961 in [31.5,40.3]
    [28]
      .interface = LaNiO3 interface = 0.838982 in [0.5,1.5]
      .magnetism
        .dead_above = LaNiO3 deadM above = 0
        .dead_below = LaNiO3 deadM below = 0
        .interface_above = None
        .interface_below = None
        .rhoM = LaNiO3 rhoM = 0.3
        .thetaM = LaNiO3 thetaM = 90
      .material
        .irho = LaNiO3 irho = 0
        .rho = LaNiO3 rho = 6.359
      .thickness = LaNiO3 thickness = 3.39085 in [3.39,4.33]
    [29]
      .interface = LaSrMnO3 interface = 0.542254 in [0.5,1.5]
      .magnetism
        .dead_above = LaSrMnO3 deadM above = 0
        .dead_below = LaSrMnO3 deadM below = 0
        .interface_above = None
        .interface_below = None
        .rhoM = LaSrMnO3 rhoM = 1
        .thetaM = LaSrMnO3 thetaM = 90
      .material
        .irho = LaSrMnO3 irho = 0
        .rho = LaSrMnO3 rho = 3.7
      .thickness = LaSrMnO3 thickness = 40.2943 in [31.5,40.3]
    [30]
      .interface = LaNiO3 interface = 1.49974 in [0.5,1.5]
      .magnetism
        .dead_above = LaNiO3 deadM above = 0
        .dead_below = LaNiO3 deadM below = 0
        .interface_above = None
        .interface_below = None
        .rhoM = LaNiO3 rhoM = 0.3
        .thetaM = LaNiO3 thetaM = 90
      .material
        .irho = LaNiO3 irho = 0
        .rho = LaNiO3 rho = 6.359
      .thickness = LaNiO3 thickness = 10.1003 in [10.1,12.9]
    [31]
      .interface = air interface = 0
      .material = None
      .thickness = air thickness = 0
  .thickness = stack thickness = 638.68

[chisq=490.17(29), nllf=54409.4]
