.probe
  .Aguide = Aguide c_PLP0045024PolCorr = 270
  .H = H c_PLP0045024PolCorr = 0
  .mm
    .back_absorption = back_absorption c_PLP0045024PolCorr = 1
    .background = background c_PLP0045024PolCorr = 0
    .intensity = intensity c_PLP0045024PolCorr = 1
    .sample_broadening = sample_broadening c_PLP0045024PolCorr = 0
    .theta_offset = theta_offset c_PLP0045024PolCorr = 0
  .mp
    .back_absorption = back_absorption c_PLP0045021PolCorr = 1
    .background = background c_PLP0045021PolCorr = 0
    .intensity = intensity c_PLP0045021PolCorr = 1
    .sample_broadening = sample_broadening c_PLP0045021PolCorr = 0
    .theta_offset = theta_offset c_PLP0045021PolCorr = 0
  .pm = None
  .pp
    .back_absorption = back_absorption PLP0045020PolCorr = 1
    .background = background PLP0045020PolCorr = 0
    .intensity = intensity PLP0045020PolCorr = 1
    .sample_broadening = sample_broadening PLP0045020PolCorr = 0
    .theta_offset = theta_offset PLP0045020PolCorr = 0
.sample
  .layers
    [0]
      .interface = SrTiO3 interface = 1.5
      .material
        .irho = SrTiO3 irho = 0
        .rho = SrTiO3 rho = 3.54
      .thickness = SrTiO3 thickness = 0
    [1]
      .interface = LSMO interface = 0.737703
      .magnetism
        .dead_above = LSMO_mag_1 deadM above = 0
        .dead_below = LSMO_mag_1 deadM below = 0
        .interface_above = None
        .interface_below = None
        .rhoM
          [0] = LSMO_mag_1 rhoM[0] = 1 in [0,4]
          [1] = LSMO_mag_1 rhoM[1] = 1 in [0,4]
          [2] = LSMO_mag_1 rhoM[2] = 1 in [0,4]
          [3] = LSMO_mag_1 rhoM[3] = 1 in [0,4]
          [4] = LSMO_mag_1 rhoM[4] = 1 in [0,4]
        .thetaM
          [0] = LSMO_mag_1 thetaM[0] = 90
          [1] = LSMO_mag_1 thetaM[1] = 90
          [2] = LSMO_mag_1 thetaM[2] = 90
          [3] = LSMO_mag_1 thetaM[3] = 90
          [4] = LSMO_mag_1 thetaM[4] = 90
        .z
          [0] = LSMO_mag_1 z[0] = 0
          [1] = LSMO_mag_1 z[1] = 0.25
          [2] = LSMO_mag_1 z[2] = 0.5
          [3] = LSMO_mag_1 z[3] = 0.75
          [4] = LSMO_mag_1 z[4] = 1
      .material
        .irho = LSMO irho = 0
        .rho = LSMO rho = 3.37152
      .thickness = LSMO thickness = 40.4744
    [2]
      .interface = LNO interface = 0.482994
      .magnetism
        .dead_above = LNO_3uc_bottom_mag_1 deadM above = 0
        .dead_below = LNO_3uc_bottom_mag_1 deadM below = 0
        .interface_above = None
        .interface_below = None
        .rhoM
          [0] = LNO_3uc_bottom_mag_1 rhoM[0] = 0 in [0,1]
          [1] = LNO_3uc_bottom_mag_1 rhoM[1] = 0 in [0,1]
          [2] = LNO_3uc_bottom_mag_1 rhoM[2] = 0 in [0,1]
        .thetaM
          [0] = LNO_3uc_bottom_mag_1 thetaM[0] = 90
          [1] = LNO_3uc_bottom_mag_1 thetaM[1] = 90
          [2] = LNO_3uc_bottom_mag_1 thetaM[2] = 90
        .z
          [0] = LNO_3uc_bottom_mag_1 z[0] = 0
          [1] = LNO_3uc_bottom_mag_1 z[1] = 0.5
          [2] = LNO_3uc_bottom_mag_1 z[2] = 1
      .material
        .irho = LNO irho = 0
        .rho = LNO rho = 7.69797
      .thickness = LNO thickness = 13.7442
    [3]
      .interface = LSMO interface = 0.282641
      .magnetism
        .dead_above = LSMO_mag_2 deadM above = 0
        .dead_below = LSMO_mag_2 deadM below = 0
        .interface_above = None
        .interface_below = None
        .rhoM
          [0] = LSMO_mag_2 rhoM[0] = 1 in [0,4]
          [1] = LSMO_mag_2 rhoM[1] = 1 in [0,4]
          [2] = LSMO_mag_2 rhoM[2] = 1 in [0,4]
          [3] = LSMO_mag_2 rhoM[3] = 1 in [0,4]
          [4] = LSMO_mag_2 rhoM[4] = 1 in [0,4]
        .thetaM
          [0] = LSMO_mag_2 thetaM[0] = 90
          [1] = LSMO_mag_2 thetaM[1] = 90
          [2] = LSMO_mag_2 thetaM[2] = 90
          [3] = LSMO_mag_2 thetaM[3] = 90
          [4] = LSMO_mag_2 thetaM[4] = 90
        .z
          [0] = LSMO_mag_2 z[0] = 0
          [1] = LSMO_mag_2 z[1] = 0.25
          [2] = LSMO_mag_2 z[2] = 0.5
          [3] = LSMO_mag_2 z[3] = 0.75
          [4] = LSMO_mag_2 z[4] = 1
      .material
        .irho = LSMO irho = 0
        .rho = LSMO rho = 3.37152
      .thickness = LSMO thickness = 40.8917
    [4]
      .interface = LNO interface = 0.616129
      .magnetism
        .dead_above = LNO_3uc_bottom_mag_2 deadM above = 0
        .dead_below = LNO_3uc_bottom_mag_2 deadM below = 0
        .interface_above = None
        .interface_below = None
        .rhoM
          [0] = LNO_3uc_bottom_mag_2 rhoM[0] = 0 in [0,1]
          [1] = LNO_3uc_bottom_mag_2 rhoM[1] = 0 in [0,1]
          [2] = LNO_3uc_bottom_mag_2 rhoM[2] = 0 in [0,1]
        .thetaM
          [0] = LNO_3uc_bottom_mag_2 thetaM[0] = 90
          [1] = LNO_3uc_bottom_mag_2 thetaM[1] = 90
          [2] = LNO_3uc_bottom_mag_2 thetaM[2] = 90
        .z
          [0] = LNO_3uc_bottom_mag_2 z[0] = 0
          [1] = LNO_3uc_bottom_mag_2 z[1] = 0.5
          [2] = LNO_3uc_bottom_mag_2 z[2] = 1
      .material
        .irho = LNO irho = 0
        .rho = LNO rho = 7.69797
      .thickness = LNO thickness = 9.22377
    [5]
      .interface = LSMO interface = 0.499538
      .magnetism
        .dead_above = LSMO_mag_3 deadM above = 0
        .dead_below = LSMO_mag_3 deadM below = 0
        .interface_above = None
        .interface_below = None
        .rhoM
          [0] = LSMO_mag_3 rhoM[0] = 1 in [0,4]
          [1] = LSMO_mag_3 rhoM[1] = 1 in [0,4]
          [2] = LSMO_mag_3 rhoM[2] = 1 in [0,4]
          [3] = LSMO_mag_3 rhoM[3] = 1 in [0,4]
          [4] = LSMO_mag_3 rhoM[4] = 1 in [0,4]
        .thetaM
          [0] = LSMO_mag_3 thetaM[0] = 90
          [1] = LSMO_mag_3 thetaM[1] = 90
          [2] = LSMO_mag_3 thetaM[2] = 90
          [3] = LSMO_mag_3 thetaM[3] = 90
          [4] = LSMO_mag_3 thetaM[4] = 90
        .z
          [0] = LSMO_mag_3 z[0] = 0
          [1] = LSMO_mag_3 z[1] = 0.25
          [2] = LSMO_mag_3 z[2] = 0.5
          [3] = LSMO_mag_3 z[3] = 0.75
          [4] = LSMO_mag_3 z[4] = 1
      .material
        .irho = LSMO irho = 0
        .rho = LSMO rho = 3.37152
      .thickness = LSMO thickness = 40.7173
    [6]
      .interface = LNO interface = 0.260206
      .magnetism
        .dead_above = LNO_3uc_bottom_mag_3 deadM above = 0
        .dead_below = LNO_3uc_bottom_mag_3 deadM below = 0
        .interface_above = None
        .interface_below = None
        .rhoM
          [0] = LNO_3uc_bottom_mag_3 rhoM[0] = 0 in [0,1]
          [1] = LNO_3uc_bottom_mag_3 rhoM[1] = 0 in [0,1]
          [2] = LNO_3uc_bottom_mag_3 rhoM[2] = 0 in [0,1]
        .thetaM
          [0] = LNO_3uc_bottom_mag_3 thetaM[0] = 90
          [1] = LNO_3uc_bottom_mag_3 thetaM[1] = 90
          [2] = LNO_3uc_bottom_mag_3 thetaM[2] = 90
        .z
          [0] = LNO_3uc_bottom_mag_3 z[0] = 0
          [1] = LNO_3uc_bottom_mag_3 z[1] = 0.5
          [2] = LNO_3uc_bottom_mag_3 z[2] = 1
      .material
        .irho = LNO irho = 0
        .rho = LNO rho = 7.69797
      .thickness = LNO thickness = 11.4234
    [7]
      .interface = LSMO interface = 0.660197
      .magnetism
        .dead_above = LSMO_mag_4 deadM above = 0
        .dead_below = LSMO_mag_4 deadM below = 0
        .interface_above = None
        .interface_below = None
        .rhoM
          [0] = LSMO_mag_4 rhoM[0] = 1 in [0,4]
          [1] = LSMO_mag_4 rhoM[1] = 1 in [0,4]
          [2] = LSMO_mag_4 rhoM[2] = 1 in [0,4]
          [3] = LSMO_mag_4 rhoM[3] = 1 in [0,4]
          [4] = LSMO_mag_4 rhoM[4] = 1 in [0,4]
        .thetaM
          [0] = LSMO_mag_4 thetaM[0] = 90
          [1] = LSMO_mag_4 thetaM[1] = 90
          [2] = LSMO_mag_4 thetaM[2] = 90
          [3] = LSMO_mag_4 thetaM[3] = 90
          [4] = LSMO_mag_4 thetaM[4] = 90
        .z
          [0] = LSMO_mag_4 z[0] = 0
          [1] = LSMO_mag_4 z[1] = 0.25
          [2] = LSMO_mag_4 z[2] = 0.5
          [3] = LSMO_mag_4 z[3] = 0.75
          [4] = LSMO_mag_4 z[4] = 1
      .material
        .irho = LSMO irho = 0
        .rho = LSMO rho = 3.37152
      .thickness = LSMO thickness = 39.2372
    [8]
      .interface = LNO interface = 0.428655
      .magnetism
        .dead_above = LNO_3uc_bottom_mag_4 deadM above = 0
        .dead_below = LNO_3uc_bottom_mag_4 deadM below = 0
        .interface_above = None
        .interface_below = None
        .rhoM
          [0] = LNO_3uc_bottom_mag_4 rhoM[0] = 0 in [0,1]
          [1] = LNO_3uc_bottom_mag_4 rhoM[1] = 0 in [0,1]
          [2] = LNO_3uc_bottom_mag_4 rhoM[2] = 0 in [0,1]
        .thetaM
          [0] = LNO_3uc_bottom_mag_4 thetaM[0] = 90
          [1] = LNO_3uc_bottom_mag_4 thetaM[1] = 90
          [2] = LNO_3uc_bottom_mag_4 thetaM[2] = 90
        .z
          [0] = LNO_3uc_bottom_mag_4 z[0] = 0
          [1] = LNO_3uc_bottom_mag_4 z[1] = 0.5
          [2] = LNO_3uc_bottom_mag_4 z[2] = 1
      .material
        .irho = LNO irho = 0
        .rho = LNO rho = 7.69797
      .thickness = LNO thickness = 9.35772
    [9]
      .interface = LSMO interface = 0.445043
      .magnetism
        .dead_above = LSMO_mag_5 deadM above = 0
        .dead_below = LSMO_mag_5 deadM below = 0
        .interface_above = None
        .interface_below = None
        .rhoM
          [0] = LSMO_mag_5 rhoM[0] = 1 in [0,4]
          [1] = LSMO_mag_5 rhoM[1] = 1 in [0,4]
          [2] = LSMO_mag_5 rhoM[2] = 1 in [0,4]
          [3] = LSMO_mag_5 rhoM[3] = 1 in [0,4]
          [4] = LSMO_mag_5 rhoM[4] = 1 in [0,4]
        .thetaM
          [0] = LSMO_mag_5 thetaM[0] = 90
          [1] = LSMO_mag_5 thetaM[1] = 90
          [2] = LSMO_mag_5 thetaM[2] = 90
          [3] = LSMO_mag_5 thetaM[3] = 90
          [4] = LSMO_mag_5 thetaM[4] = 90
        .z
          [0] = LSMO_mag_5 z[0] = 0
          [1] = LSMO_mag_5 z[1] = 0.25
          [2] = LSMO_mag_5 z[2] = 0.5
          [3] = LSMO_mag_5 z[3] = 0.75
          [4] = LSMO_mag_5 z[4] = 1
      .material
        .irho = LSMO irho = 0
        .rho = LSMO rho = 3.37152
      .thickness = LSMO thickness = 40.9579
    [10]
      .interface = LNO interface = 0.485057
      .magnetism
        .dead_above = LNO_3uc_bottom_mag_5 deadM above = 0
        .dead_below = LNO_3uc_bottom_mag_5 deadM below = 0
        .interface_above = None
        .interface_below = None
        .rhoM
          [0] = LNO_3uc_bottom_mag_5 rhoM[0] = 0 in [0,1]
          [1] = LNO_3uc_bottom_mag_5 rhoM[1] = 0 in [0,1]
          [2] = LNO_3uc_bottom_mag_5 rhoM[2] = 0 in [0,1]
        .thetaM
          [0] = LNO_3uc_bottom_mag_5 thetaM[0] = 90
          [1] = LNO_3uc_bottom_mag_5 thetaM[1] = 90
          [2] = LNO_3uc_bottom_mag_5 thetaM[2] = 90
        .z
          [0] = LNO_3uc_bottom_mag_5 z[0] = 0
          [1] = LNO_3uc_bottom_mag_5 z[1] = 0.5
          [2] = LNO_3uc_bottom_mag_5 z[2] = 1
      .material
        .irho = LNO irho = 0
        .rho = LNO rho = 7.69797
      .thickness = LNO thickness = 10.9288
    [11]
      .interface = LSMO interface = 0.583638
      .magnetism
        .dead_above = LSMO_mag_6 deadM above = 0
        .dead_below = LSMO_mag_6 deadM below = 0
        .interface_above = None
        .interface_below = None
        .rhoM
          [0] = LSMO_mag_6 rhoM[0] = 1 in [0,4]
          [1] = LSMO_mag_6 rhoM[1] = 1 in [0,4]
          [2] = LSMO_mag_6 rhoM[2] = 1 in [0,4]
          [3] = LSMO_mag_6 rhoM[3] = 1 in [0,4]
          [4] = LSMO_mag_6 rhoM[4] = 1 in [0,4]
        .thetaM
          [0] = LSMO_mag_6 thetaM[0] = 90
          [1] = LSMO_mag_6 thetaM[1] = 90
          [2] = LSMO_mag_6 thetaM[2] = 90
          [3] = LSMO_mag_6 thetaM[3] = 90
          [4] = LSMO_mag_6 thetaM[4] = 90
        .z
          [0] = LSMO_mag_6 z[0] = 0
          [1] = LSMO_mag_6 z[1] = 0.25
          [2] = LSMO_mag_6 z[2] = 0.5
          [3] = LSMO_mag_6 z[3] = 0.75
          [4] = LSMO_mag_6 z[4] = 1
      .material
        .irho = LSMO irho = 0
        .rho = LSMO rho = 3.37152
      .thickness = LSMO thickness = 40.385
    [12]
      .interface = LNO interface = 0.414547
      .magnetism
        .dead_above = LNO_1uc_mag_1 deadM above = 0
        .dead_below = LNO_1uc_mag_1 deadM below = 0
        .interface_above = None
        .interface_below = None
        .rhoM = LNO_1uc_mag_1 rhoM = 0 in [0,1]
        .thetaM = LNO_1uc_mag_1 thetaM = 90
      .material
        .irho = LNO irho = 0
        .rho = LNO rho = 7.69797
      .thickness = LNO thickness = 4.62652
    [13]
      .interface = LSMO interface = 0.695657
      .magnetism
        .dead_above = LSMO_mag_7 deadM above = 0
        .dead_below = LSMO_mag_7 deadM below = 0
        .interface_above = None
        .interface_below = None
        .rhoM
          [0] = LSMO_mag_7 rhoM[0] = 1 in [0,4]
          [1] = LSMO_mag_7 rhoM[1] = 1 in [0,4]
          [2] = LSMO_mag_7 rhoM[2] = 1 in [0,4]
          [3] = LSMO_mag_7 rhoM[3] = 1 in [0,4]
          [4] = LSMO_mag_7 rhoM[4] = 1 in [0,4]
        .thetaM
          [0] = LSMO_mag_7 thetaM[0] = 90
          [1] = LSMO_mag_7 thetaM[1] = 90
          [2] = LSMO_mag_7 thetaM[2] = 90
          [3] = LSMO_mag_7 thetaM[3] = 90
          [4] = LSMO_mag_7 thetaM[4] = 90
        .z
          [0] = LSMO_mag_7 z[0] = 0
          [1] = LSMO_mag_7 z[1] = 0.25
          [2] = LSMO_mag_7 z[2] = 0.5
          [3] = LSMO_mag_7 z[3] = 0.75
          [4] = LSMO_mag_7 z[4] = 1
      .material
        .irho = LSMO irho = 0
        .rho = LSMO rho = 3.37152
      .thickness = LSMO thickness = 32.8087
    [14]
      .interface = LNO interface = 0.628087
      .magnetism
        .dead_above = LNO_1uc_mag_2 deadM above = 0
        .dead_below = LNO_1uc_mag_2 deadM below = 0
        .interface_above = None
        .interface_below = None
        .rhoM = LNO_1uc_mag_2 rhoM = 0 in [0,1]
        .thetaM = LNO_1uc_mag_2 thetaM = 90
      .material
        .irho = LNO irho = 0
        .rho = LNO rho = 7.69797
      .thickness = LNO thickness = 4.67095
    [15]
      .interface = LSMO interface = 0.557349
      .magnetism
        .dead_above = LSMO_mag_8 deadM above = 0
        .dead_below = LSMO_mag_8 deadM below = 0
        .interface_above = None
        .interface_below = None
        .rhoM
          [0] = LSMO_mag_8 rhoM[0] = 1 in [0,4]
          [1] = LSMO_mag_8 rhoM[1] = 1 in [0,4]
          [2] = LSMO_mag_8 rhoM[2] = 1 in [0,4]
          [3] = LSMO_mag_8 rhoM[3] = 1 in [0,4]
          [4] = LSMO_mag_8 rhoM[4] = 1 in [0,4]
        .thetaM
          [0] = LSMO_mag_8 thetaM[0] = 90
          [1] = LSMO_mag_8 thetaM[1] = 90
          [2] = LSMO_mag_8 thetaM[2] = 90
          [3] = LSMO_mag_8 thetaM[3] = 90
          [4] = LSMO_mag_8 thetaM[4] = 90
        .z
          [0] = LSMO_mag_8 z[0] = 0
          [1] = LSMO_mag_8 z[1] = 0.25
          [2] = LSMO_mag_8 z[2] = 0.5
          [3] = LSMO_mag_8 z[3] = 0.75
          [4] = LSMO_mag_8 z[4] = 1
      .material
        .irho = LSMO irho = 0
        .rho = LSMO rho = 3.37152
      .thickness = LSMO thickness = 27.163
    [16]
      .interface = LNO interface = 0.552678
      .magnetism
        .dead_above = LNO_1uc_mag_3 deadM above = 0
        .dead_below = LNO_1uc_mag_3 deadM below = 0
        .interface_above = None
        .interface_below = None
        .rhoM = LNO_1uc_mag_3 rhoM = 0 in [0,1]
        .thetaM = LNO_1uc_mag_3 thetaM = 90
      .material
        .irho = LNO irho = 0
        .rho = LNO rho = 7.69797
      .thickness = LNO thickness = 4.67931
    [17]
      .interface = LSMO interface = 0.422358
      .magnetism
        .dead_above = LSMO_mag_9 deadM above = 0
        .dead_below = LSMO_mag_9 deadM below = 0
        .interface_above = None
        .interface_below = None
        .rhoM
          [0] = LSMO_mag_9 rhoM[0] = 1 in [0,4]
          [1] = LSMO_mag_9 rhoM[1] = 1 in [0,4]
          [2] = LSMO_mag_9 rhoM[2] = 1 in [0,4]
          [3] = LSMO_mag_9 rhoM[3] = 1 in [0,4]
          [4] = LSMO_mag_9 rhoM[4] = 1 in [0,4]
        .thetaM
          [0] = LSMO_mag_9 thetaM[0] = 90
          [1] = LSMO_mag_9 thetaM[1] = 90
          [2] = LSMO_mag_9 thetaM[2] = 90
          [3] = LSMO_mag_9 thetaM[3] = 90
          [4] = LSMO_mag_9 thetaM[4] = 90
        .z
          [0] = LSMO_mag_9 z[0] = 0
          [1] = LSMO_mag_9 z[1] = 0.25
          [2] = LSMO_mag_9 z[2] = 0.5
          [3] = LSMO_mag_9 z[3] = 0.75
          [4] = LSMO_mag_9 z[4] = 1
      .material
        .irho = LSMO irho = 0
        .rho = LSMO rho = 3.37152
      .thickness = LSMO thickness = 27.1307
    [18]
      .interface = LNO interface = 0.351873
      .magnetism
        .dead_above = LNO_1uc_mag_4 deadM above = 0
        .dead_below = LNO_1uc_mag_4 deadM below = 0
        .interface_above = None
        .interface_below = None
        .rhoM = LNO_1uc_mag_4 rhoM = 0 in [0,1]
        .thetaM = LNO_1uc_mag_4 thetaM = 90
      .material
        .irho = LNO irho = 0
        .rho = LNO rho = 7.69797
      .thickness = LNO thickness = 4.68346
    [19]
      .interface = LSMO interface = 0.332547
      .magnetism
        .dead_above = LSMO_mag_10 deadM above = 0
        .dead_below = LSMO_mag_10 deadM below = 0
        .interface_above = None
        .interface_below = None
        .rhoM
          [0] = LSMO_mag_10 rhoM[0] = 1 in [0,4]
          [1] = LSMO_mag_10 rhoM[1] = 1 in [0,4]
          [2] = LSMO_mag_10 rhoM[2] = 1 in [0,4]
          [3] = LSMO_mag_10 rhoM[3] = 1 in [0,4]
          [4] = LSMO_mag_10 rhoM[4] = 1 in [0,4]
        .thetaM
          [0] = LSMO_mag_10 thetaM[0] = 90
          [1] = LSMO_mag_10 thetaM[1] = 90
          [2] = LSMO_mag_10 thetaM[2] = 90
          [3] = LSMO_mag_10 thetaM[3] = 90
          [4] = LSMO_mag_10 thetaM[4] = 90
        .z
          [0] = LSMO_mag_10 z[0] = 0
          [1] = LSMO_mag_10 z[1] = 0.25
          [2] = LSMO_mag_10 z[2] = 0.5
          [3] = LSMO_mag_10 z[3] = 0.75
          [4] = LSMO_mag_10 z[4] = 1
      .material
        .irho = LSMO irho = 0
        .rho = LSMO rho = 3.37152
      .thickness = LSMO thickness = 32.7201
    [20]
      .interface = LNO interface = 0.252928
      .magnetism
        .dead_above = LNO_1uc_mag_5 deadM above = 0
        .dead_below = LNO_1uc_mag_5 deadM below = 0
        .interface_above = None
        .interface_below = None
        .rhoM = LNO_1uc_mag_5 rhoM = 0 in [0,1]
        .thetaM = LNO_1uc_mag_5 thetaM = 90
      .material
        .irho = LNO irho = 0
        .rho = LNO rho = 7.69797
      .thickness = LNO thickness = 3.68551
    [21]
      .interface = LSMO interface = 0.676328
      .magnetism
        .dead_above = LSMO_mag_11 deadM above = 0
        .dead_below = LSMO_mag_11 deadM below = 0
        .interface_above = None
        .interface_below = None
        .rhoM
          [0] = LSMO_mag_11 rhoM[0] = 1 in [0,4]
          [1] = LSMO_mag_11 rhoM[1] = 1 in [0,4]
          [2] = LSMO_mag_11 rhoM[2] = 1 in [0,4]
          [3] = LSMO_mag_11 rhoM[3] = 1 in [0,4]
          [4] = LSMO_mag_11 rhoM[4] = 1 in [0,4]
        .thetaM
          [0] = LSMO_mag_11 thetaM[0] = 90
          [1] = LSMO_mag_11 thetaM[1] = 90
          [2] = LSMO_mag_11 thetaM[2] = 90
          [3] = LSMO_mag_11 thetaM[3] = 90
          [4] = LSMO_mag_11 thetaM[4] = 90
        .z
          [0] = LSMO_mag_11 z[0] = 0
          [1] = LSMO_mag_11 z[1] = 0.25
          [2] = LSMO_mag_11 z[2] = 0.5
          [3] = LSMO_mag_11 z[3] = 0.75
          [4] = LSMO_mag_11 z[4] = 1
      .material
        .irho = LSMO irho = 0
        .rho = LSMO rho = 3.37152
      .thickness = LSMO thickness = 31.3561
    [22]
      .interface = LNO interface = 0.400609
      .magnetism
        .dead_above = LNO_3uc_top_mag_1 deadM above = 0
        .dead_below = LNO_3uc_top_mag_1 deadM below = 0
        .interface_above = None
        .interface_below = None
        .rhoM
          [0] = LNO_3uc_top_mag_1 rhoM[0] = 0 in [0,1]
          [1] = LNO_3uc_top_mag_1 rhoM[1] = 0 in [0,1]
          [2] = LNO_3uc_top_mag_1 rhoM[2] = 0 in [0,1]
        .thetaM
          [0] = LNO_3uc_top_mag_1 thetaM[0] = 90
          [1] = LNO_3uc_top_mag_1 thetaM[1] = 90
          [2] = LNO_3uc_top_mag_1 thetaM[2] = 90
        .z
          [0] = LNO_3uc_top_mag_1 z[0] = 0
          [1] = LNO_3uc_top_mag_1 z[1] = 0.5
          [2] = LNO_3uc_top_mag_1 z[2] = 1
      .material
        .irho = LNO irho = 0
        .rho = LNO rho = 7.69797
      .thickness = LNO thickness = 13.7673
    [23]
      .interface = LSMO interface = 0.163148
      .magnetism
        .dead_above = LSMO_mag_12 deadM above = 0
        .dead_below = LSMO_mag_12 deadM below = 0
        .interface_above = None
        .interface_below = None
        .rhoM
          [0] = LSMO_mag_12 rhoM[0] = 1 in [0,4]
          [1] = LSMO_mag_12 rhoM[1] = 1 in [0,4]
          [2] = LSMO_mag_12 rhoM[2] = 1 in [0,4]
          [3] = LSMO_mag_12 rhoM[3] = 1 in [0,4]
          [4] = LSMO_mag_12 rhoM[4] = 1 in [0,4]
        .thetaM
          [0] = LSMO_mag_12 thetaM[0] = 90
          [1] = LSMO_mag_12 thetaM[1] = 90
          [2] = LSMO_mag_12 thetaM[2] = 90
          [3] = LSMO_mag_12 thetaM[3] = 90
          [4] = LSMO_mag_12 thetaM[4] = 90
        .z
          [0] = LSMO_mag_12 z[0] = 0
          [1] = LSMO_mag_12 z[1] = 0.25
          [2] = LSMO_mag_12 z[2] = 0.5
          [3] = LSMO_mag_12 z[3] = 0.75
          [4] = LSMO_mag_12 z[4] = 1
      .material
        .irho = LSMO irho = 0
        .rho = LSMO rho = 3.37152
      .thickness = LSMO thickness = 40.993
    [24]
      .interface = LNO interface = 0.766068
      .magnetism
        .dead_above = LNO_3uc_top_mag_2 deadM above = 0
        .dead_below = LNO_3uc_top_mag_2 deadM below = 0
        .interface_above = None
        .interface_below = None
        .rhoM
          [0] = LNO_3uc_top_mag_2 rhoM[0] = 0 in [0,1]
          [1] = LNO_3uc_top_mag_2 rhoM[1] = 0 in [0,1]
          [2] = LNO_3uc_top_mag_2 rhoM[2] = 0 in [0,1]
        .thetaM
          [0] = LNO_3uc_top_mag_2 thetaM[0] = 90
          [1] = LNO_3uc_top_mag_2 thetaM[1] = 90
          [2] = LNO_3uc_top_mag_2 thetaM[2] = 90
        .z
          [0] = LNO_3uc_top_mag_2 z[0] = 0
          [1] = LNO_3uc_top_mag_2 z[1] = 0.5
          [2] = LNO_3uc_top_mag_2 z[2] = 1
      .material
        .irho = LNO irho = 0
        .rho = LNO rho = 7.69797
      .thickness = LNO thickness = 9.21119
    [25]
      .interface = LSMO interface = 0.708276
      .magnetism
        .dead_above = LSMO_mag_13 deadM above = 0
        .dead_below = LSMO_mag_13 deadM below = 0
        .interface_above = None
        .interface_below = None
        .rhoM
          [0] = LSMO_mag_13 rhoM[0] = 1 in [0,4]
          [1] = LSMO_mag_13 rhoM[1] = 1 in [0,4]
          [2] = LSMO_mag_13 rhoM[2] = 1 in [0,4]
          [3] = LSMO_mag_13 rhoM[3] = 1 in [0,4]
          [4] = LSMO_mag_13 rhoM[4] = 1 in [0,4]
        .thetaM
          [0] = LSMO_mag_13 thetaM[0] = 90
          [1] = LSMO_mag_13 thetaM[1] = 90
          [2] = LSMO_mag_13 thetaM[2] = 90
          [3] = LSMO_mag_13 thetaM[3] = 90
          [4] = LSMO_mag_13 thetaM[4] = 90
        .z
          [0] = LSMO_mag_13 z[0] = 0
          [1] = LSMO_mag_13 z[1] = 0.25
          [2] = LSMO_mag_13 z[2] = 0.5
          [3] = LSMO_mag_13 z[3] = 0.75
          [4] = LSMO_mag_13 z[4] = 1
      .material
        .irho = LSMO irho = 0
        .rho = LSMO rho = 3.37152
      .thickness = LSMO thickness = 28.5577
    [26]
      .interface = LNO interface = 0.397843
      .magnetism
        .dead_above = LNO_3uc_top_mag_3 deadM above = 0
        .dead_below = LNO_3uc_top_mag_3 deadM below = 0
        .interface_above = None
        .interface_below = None
        .rhoM
          [0] = LNO_3uc_top_mag_3 rhoM[0] = 0 in [0,1]
          [1] = LNO_3uc_top_mag_3 rhoM[1] = 0 in [0,1]
          [2] = LNO_3uc_top_mag_3 rhoM[2] = 0 in [0,1]
        .thetaM
          [0] = LNO_3uc_top_mag_3 thetaM[0] = 90
          [1] = LNO_3uc_top_mag_3 thetaM[1] = 90
          [2] = LNO_3uc_top_mag_3 thetaM[2] = 90
        .z
          [0] = LNO_3uc_top_mag_3 z[0] = 0
          [1] = LNO_3uc_top_mag_3 z[1] = 0.5
          [2] = LNO_3uc_top_mag_3 z[2] = 1
      .material
        .irho = LNO irho = 0
        .rho = LNO rho = 7.69797
      .thickness = LNO thickness = 11.2116
    [27]
      .interface = LSMO interface = 0.169622
      .magnetism
        .dead_above = LSMO_mag_14 deadM above = 0
        .dead_below = LSMO_mag_14 deadM below = 0
        .interface_above = None
        .interface_below = None
        .rhoM
          [0] = LSMO_mag_14 rhoM[0] = 1 in [0,4]
          [1] = LSMO_mag_14 rhoM[1] = 1 in [0,4]
          [2] = LSMO_mag_14 rhoM[2] = 1 in [0,4]
          [3] = LSMO_mag_14 rhoM[3] = 1 in [0,4]
          [4] = LSMO_mag_14 rhoM[4] = 1 in [0,4]
        .thetaM
          [0] = LSMO_mag_14 thetaM[0] = 90
          [1] = LSMO_mag_14 thetaM[1] = 90
          [2] = LSMO_mag_14 thetaM[2] = 90
          [3] = LSMO_mag_14 thetaM[3] = 90
          [4] = LSMO_mag_14 thetaM[4] = 90
        .z
          [0] = LSMO_mag_14 z[0] = 0
          [1] = LSMO_mag_14 z[1] = 0.25
          [2] = LSMO_mag_14 z[2] = 0.5
          [3] = LSMO_mag_14 z[3] = 0.75
          [4] = LSMO_mag_14 z[4] = 1
      .material
        .irho = LSMO irho = 0
        .rho = LSMO rho = 3.37152
      .thickness = LSMO thickness = 40.98
    [28]
      .interface = LNO interface = 0.566498
      .magnetism
        .dead_above = LNO_3uc_top_mag_4 deadM above = 0
        .dead_below = LNO_3uc_top_mag_4 deadM below = 0
        .interface_above = None
        .interface_below = None
        .rhoM
          [0] = LNO_3uc_top_mag_4 rhoM[0] = 0 in [0,1]
          [1] = LNO_3uc_top_mag_4 rhoM[1] = 0 in [0,1]
          [2] = LNO_3uc_top_mag_4 rhoM[2] = 0 in [0,1]
        .thetaM
          [0] = LNO_3uc_top_mag_4 thetaM[0] = 90
          [1] = LNO_3uc_top_mag_4 thetaM[1] = 90
          [2] = LNO_3uc_top_mag_4 thetaM[2] = 90
        .z
          [0] = LNO_3uc_top_mag_4 z[0] = 0
          [1] = LNO_3uc_top_mag_4 z[1] = 0.5
          [2] = LNO_3uc_top_mag_4 z[2] = 1
      .material
        .irho = LNO irho = 0
        .rho = LNO rho = 7.69797
      .thickness = LNO thickness = 9.79554
    [29]
      .interface = LSMO interface = 0.770389
      .magnetism
        .dead_above = LSMO_mag_15 deadM above = 0
        .dead_below = LSMO_mag_15 deadM below = 0
        .interface_above = None
        .interface_below = None
        .rhoM
          [0] = LSMO_mag_15 rhoM[0] = 1 in [0,4]
          [1] = LSMO_mag_15 rhoM[1] = 1 in [0,4]
          [2] = LSMO_mag_15 rhoM[2] = 1 in [0,4]
          [3] = LSMO_mag_15 rhoM[3] = 1 in [0,4]
          [4] = LSMO_mag_15 rhoM[4] = 1 in [0,4]
        .thetaM
          [0] = LSMO_mag_15 thetaM[0] = 90
          [1] = LSMO_mag_15 thetaM[1] = 90
          [2] = LSMO_mag_15 thetaM[2] = 90
          [3] = LSMO_mag_15 thetaM[3] = 90
          [4] = LSMO_mag_15 thetaM[4] = 90
        .z
          [0] = LSMO_mag_15 z[0] = 0
          [1] = LSMO_mag_15 z[1] = 0.25
          [2] = LSMO_mag_15 z[2] = 0.5
          [3] = LSMO_mag_15 z[3] = 0.75
          [4] = LSMO_mag_15 z[4] = 1
      .material
        .irho = LSMO irho = 0
        .rho = LSMO rho = 3.37152
      .thickness = LSMO thickness = 27.0384
    [30]
      .interface = LNO interface = 0.393413
      .magnetism
        .dead_above = LNO_3uc_top_mag_5 deadM above = 0
        .dead_below = LNO_3uc_top_mag_5 deadM below = 0
        .interface_above = None
        .interface_below = None
        .rhoM
          [0] = LNO_3uc_top_mag_5 rhoM[0] = 0 in [0,1]
          [1] = LNO_3uc_top_mag_5 rhoM[1] = 0 in [0,1]
          [2] = LNO_3uc_top_mag_5 rhoM[2] = 0 in [0,1]
        .thetaM
          [0] = LNO_3uc_top_mag_5 thetaM[0] = 90
          [1] = LNO_3uc_top_mag_5 thetaM[1] = 90
          [2] = LNO_3uc_top_mag_5 thetaM[2] = 90
        .z
          [0] = LNO_3uc_top_mag_5 z[0] = 0
          [1] = LNO_3uc_top_mag_5 z[1] = 0.5
          [2] = LNO_3uc_top_mag_5 z[2] = 1
      .material
        .irho = LNO irho = 0
        .rho = LNO rho = 7.69797
      .thickness = LNO thickness = 13.7951
    [31]
      .interface = air interface = 0
      .material = None
      .thickness = air thickness = 0
  .thickness = stack thickness = 666.216

[chisq=43.7(12), nllf=2139.93]
