.probe
  .Aguide = Aguide t5-1t = 270
  .H = H t5-1t = 0
  .mm
    .back_absorption = 1
    .background = 0
    .intensity = 1
    .sample_broadening = 0
    .theta_offset = 0
  .mp = None
  .pm
    .back_absorption = 1
    .background = 0
    .intensity = 1
    .sample_broadening = 0
    .theta_offset = 0
  .pp
    .back_absorption = 1
    .background = 0
    .intensity = 1
    .sample_broadening = 0
    .theta_offset = 0
.sample
  .layers
    [0]
      .interface = SrTiO3 interface = 9.80065 in [0.5,10]
      .material
        .density = SrTiO3 density = 5.11
      .thickness = SrTiO3 thickness = 0
    [1]
      .interface = LaSrMnO3 interface = 1.20666 in [0.5,10]
      .magnetism
        .dead_above = LaSrMnO3 deadM above = 0
        .dead_below = LaSrMnO3 deadM below = 0
        .interface_above = None
        .interface_below = None
        .rhoM = LaSrMnO3 rhoM = 1.06627 in [0.94,1.16]
        .thetaM = LaSrMnO3 thetaM = 267.599 in [0,359]
      .material
        .density = LaSrMnO3 density = 6.79561 in [6.45,7.14]
      .thickness = LaSrMnO3 thickness = 35.7595 in [26,41]
    [2]
      .interface = LaNiO3 interface = 9.97179 in [0.5,10]
      .magnetism
        .dead_above = LaNiO3 deadM above = 0
        .dead_below = LaNiO3 deadM below = 0
        .interface_above = None
        .interface_below = None
        .rhoM
          [0] = LaNiO3 rhoM[0] = 0.285336 in [0.27,0.299]
          [1] = LaNiO3 rhoM[1] = 0.314312 in [0.297,0.329]
        .thetaM
          [0] = LaNiO3 thetaM[0] = 275.952 in [0,359]
          [1] = LaNiO3 thetaM[1] = 266.053 in [0,359]
      .material
        .density = LaNiO3 density = 7.04606 in [6.71,7.42]
      .thickness = LaNiO3 thickness = 8.25808 in [7,24]
    [3]
      .interface = LaSrMnO3 interface = 9.62061 in [0.5,10]
      .magnetism
        .dead_above = LaSrMnO3 deadM above = 0
        .dead_below = LaSrMnO3 deadM below = 0
        .interface_above = None
        .interface_below = None
        .rhoM = LaSrMnO3 rhoM = 1.12551 in [0.98,1.21]
        .thetaM = LaSrMnO3 thetaM = 271.083 in [0,359]
      .material
        .density = LaSrMnO3 density = 6.79561 in [6.45,7.14]
      .thickness = LaSrMnO3 thickness = 32.7832 in [26,40]
    [4]
      .interface = LaNiO3 interface = 3.76255 in [0.5,10]
      .magnetism
        .dead_above = LaNiO3 deadM above = 0
        .dead_below = LaNiO3 deadM below = 0
        .interface_above = None
        .interface_below = None
        .rhoM
          [0] = LaNiO3 rhoM[0] = 0.31253 in [0.294,0.326]
          [1] = LaNiO3 rhoM[1] = 0.302701 in [0.288,0.319]
        .thetaM
          [0] = LaNiO3 thetaM[0] = 283.015 in [0,359]
          [1] = LaNiO3 thetaM[1] = 267.611 in [0,359]
      .material
        .density = LaNiO3 density = 7.04606 in [6.71,7.42]
      .thickness = LaNiO3 thickness = 14.6048 in [8,25]
    [5]
      .interface = LaSrMnO3 interface = 2.12897 in [0.5,10]
      .magnetism
        .dead_above = LaSrMnO3 deadM above = 0
        .dead_below = LaSrMnO3 deadM below = 0
        .interface_above = None
        .interface_below = None
        .rhoM = LaSrMnO3 rhoM = 1.01542 in [0.91,1.13]
        .thetaM = LaSrMnO3 thetaM = 271.192 in [0,359]
      .material
        .density = LaSrMnO3 density = 6.79561 in [6.45,7.14]
      .thickness = LaSrMnO3 thickness = 39.6493 in [32,50]
    [6]
      .interface = LaNiO3 interface = 2.95904 in [0.5,10]
      .magnetism
        .dead_above = LaNiO3 deadM above = 0
        .dead_below = LaNiO3 deadM below = 0
        .interface_above = None
        .interface_below = None
        .rhoM
          [0] = LaNiO3 rhoM[0] = 0.292935 in [0.278,0.308]
          [1] = LaNiO3 rhoM[1] = 0.296241 in [0.279,0.31]
        .thetaM
          [0] = LaNiO3 thetaM[0] = 51.1457 in [0,359]
          [1] = LaNiO3 thetaM[1] = 325.175 in [0,359]
      .material
        .density = LaNiO3 density = 7.04606 in [6.71,7.42]
      .thickness = LaNiO3 thickness = 11.924 in [5,18]
    [7]
      .interface = LaSrMnO3 interface = 2.25592 in [0.5,10]
      .magnetism
        .dead_above = LaSrMnO3 deadM above = 0
        .dead_below = LaSrMnO3 deadM below = 0
        .interface_above = None
        .interface_below = None
        .rhoM = LaSrMnO3 rhoM = 0.931632 in [0.84,1.03]
        .thetaM = LaSrMnO3 thetaM = 263.282 in [0,359]
      .material
        .density = LaSrMnO3 density = 6.79561 in [6.45,7.14]
      .thickness = LaSrMnO3 thickness = 39.5535 in [32,50]
    [8]
      .interface = LaNiO3 interface = 8.8785 in [0.5,10]
      .magnetism
        .dead_above = LaNiO3 deadM above = 0
        .dead_below = LaNiO3 deadM below = 0
        .interface_above = None
        .interface_below = None
        .rhoM
          [0] = LaNiO3 rhoM[0] = 0.284783 in [0.27,0.299]
          [1] = LaNiO3 rhoM[1] = 0.284544 in [0.27,0.299]
        .thetaM
          [0] = LaNiO3 thetaM[0] = 354.466 in [0,359]
          [1] = LaNiO3 thetaM[1] = 329.558 in [0,359]
      .material
        .density = LaNiO3 density = 7.04606 in [6.71,7.42]
      .thickness = LaNiO3 thickness = 14.7704 in [7,22]
    [9]
      .interface = LaSrMnO3 interface = 2.28124 in [0.5,10]
      .magnetism
        .dead_above = LaSrMnO3 deadM above = 0
        .dead_below = LaSrMnO3 deadM below = 0
        .interface_above = None
        .interface_below = None
        .rhoM = LaSrMnO3 rhoM = 0.967383 in [0.86,1.06]
        .thetaM = LaSrMnO3 thetaM = 263.965 in [0,359]
      .material
        .density = LaSrMnO3 density = 6.79561 in [6.45,7.14]
      .thickness = LaSrMnO3 thickness = 30.0487 in [24,37]
    [10]
      .interface = LaNiO3 interface = 1.67689 in [0.5,10]
      .magnetism
        .dead_above = LaNiO3 deadM above = 0
        .dead_below = LaNiO3 deadM below = 0
        .interface_above = None
        .interface_below = None
        .rhoM
          [0] = LaNiO3 rhoM[0] = 0.283891 in [0.269,0.299]
          [1] = LaNiO3 rhoM[1] = 0.310838 in [0.295,0.327]
        .thetaM
          [0] = LaNiO3 thetaM[0] = 42.4881 in [0,359]
          [1] = LaNiO3 thetaM[1] = 87.5545 in [0,359]
      .material
        .density = LaNiO3 density = 7.04606 in [6.71,7.42]
      .thickness = LaNiO3 thickness = 12.5177 in [6,19]
    [11]
      .interface = LaSrMnO3 interface = 2.30663 in [0.5,10]
      .magnetism
        .dead_above = LaSrMnO3 deadM above = 0
        .dead_below = LaSrMnO3 deadM below = 0
        .interface_above = None
        .interface_below = None
        .rhoM = LaSrMnO3 rhoM = 0.90777 in [0.81,1]
        .thetaM = LaSrMnO3 thetaM = 256.593 in [0,359]
      .material
        .density = LaSrMnO3 density = 6.79561 in [6.45,7.14]
      .thickness = LaSrMnO3 thickness = 36.589 in [29,44]
    [12]
      .interface = LaNiO3 interface = 1.93158 in [0.5,10]
      .magnetism
        .dead_above = LaNiO3 deadM above = 0
        .dead_below = LaNiO3 deadM below = 0
        .interface_above = None
        .interface_below = None
        .rhoM
          [0] = LaNiO3 rhoM[0] = 0.304453 in [0.287,0.318]
          [1] = LaNiO3 rhoM[1] = 0.284866 in [0.27,0.299]
        .thetaM
          [0] = LaNiO3 thetaM[0] = 144.335 in [0,359]
          [1] = LaNiO3 thetaM[1] = 155.478 in [0,359]
      .material
        .density = LaNiO3 density = 7.04606 in [6.71,7.42]
      .thickness = LaNiO3 thickness = 1.63525 in [0.9,3]
    [13]
      .interface = LaSrMnO3 interface = 1.66655 in [0.5,10]
      .magnetism
        .dead_above = LaSrMnO3 deadM above = 0
        .dead_below = LaSrMnO3 deadM below = 0
        .interface_above = None
        .interface_below = None
        .rhoM = LaSrMnO3 rhoM = 0.934956 in [0.84,1.04]
        .thetaM = LaSrMnO3 thetaM = 291.253 in [0,359]
      .material
        .density = LaSrMnO3 density = 6.79561 in [6.45,7.14]
      .thickness = LaSrMnO3 thickness = 32.6422 in [26,40]
    [14]
      .interface = LaNiO3 interface = 9.98528 in [0.5,10]
      .magnetism
        .dead_above = LaNiO3 deadM above = 0
        .dead_below = LaNiO3 deadM below = 0
        .interface_above = None
        .interface_below = None
        .rhoM
          [0] = LaNiO3 rhoM[0] = 0.315788 in [0.299,0.331]
          [1] = LaNiO3 rhoM[1] = 0.28971 in [0.272,0.302]
        .thetaM
          [0] = LaNiO3 thetaM[0] = 282.422 in [0,359]
          [1] = LaNiO3 thetaM[1] = 323.729 in [0,359]
      .material
        .density = LaNiO3 density = 7.04606 in [6.71,7.42]
      .thickness = LaNiO3 thickness = 2.55135 in [1.2,3.8]
    [15]
      .interface = LaSrMnO3 interface = 8.22858 in [0.5,10]
      .magnetism
        .dead_above = LaSrMnO3 deadM above = 0
        .dead_below = LaSrMnO3 deadM below = 0
        .interface_above = None
        .interface_below = None
        .rhoM = LaSrMnO3 rhoM = 0.886967 in [0.81,1]
        .thetaM = LaSrMnO3 thetaM = 155.452 in [0,359]
      .material
        .density = LaSrMnO3 density = 6.79561 in [6.45,7.14]
      .thickness = LaSrMnO3 thickness = 26.8762 in [21,33]
    [16]
      .interface = LaNiO3 interface = 2.10387 in [0.5,10]
      .magnetism
        .dead_above = LaNiO3 deadM above = 0
        .dead_below = LaNiO3 deadM below = 0
        .interface_above = None
        .interface_below = None
        .rhoM
          [0] = LaNiO3 rhoM[0] = 0.286006 in [0.271,0.3]
          [1] = LaNiO3 rhoM[1] = 0.285873 in [0.271,0.3]
        .thetaM
          [0] = LaNiO3 thetaM[0] = 292.502 in [0,359]
          [1] = LaNiO3 thetaM[1] = 349.276 in [0,359]
      .material
        .density = LaNiO3 density = 7.04606 in [6.71,7.42]
      .thickness = LaNiO3 thickness = 4.38926 in [2,6.3]
    [17]
      .interface = LaSrMnO3 interface = 8.85518 in [0.5,10]
      .magnetism
        .dead_above = LaSrMnO3 deadM above = 0
        .dead_below = LaSrMnO3 deadM below = 0
        .interface_above = None
        .interface_below = None
        .rhoM = LaSrMnO3 rhoM = 1.01848 in [0.92,1.13]
        .thetaM = LaSrMnO3 thetaM = 277.31 in [0,359]
      .material
        .density = LaSrMnO3 density = 6.79561 in [6.45,7.14]
      .thickness = LaSrMnO3 thickness = 37.152 in [29,45]
    [18]
      .interface = LaNiO3 interface = 2.00117 in [0.5,10]
      .magnetism
        .dead_above = LaNiO3 deadM above = 0
        .dead_below = LaNiO3 deadM below = 0
        .interface_above = None
        .interface_below = None
        .rhoM
          [0] = LaNiO3 rhoM[0] = 0.299555 in [0.283,0.314]
          [1] = LaNiO3 rhoM[1] = 0.304805 in [0.288,0.319]
        .thetaM
          [0] = LaNiO3 thetaM[0] = 145.108 in [0,359]
          [1] = LaNiO3 thetaM[1] = 100.668 in [0,359]
      .material
        .density = LaNiO3 density = 7.04606 in [6.71,7.42]
      .thickness = LaNiO3 thickness = 5.75795 in [2.8,8.7]
    [19]
      .interface = LaSrMnO3 interface = 1.6739 in [0.5,10]
      .magnetism
        .dead_above = LaSrMnO3 deadM above = 0
        .dead_below = LaSrMnO3 deadM below = 0
        .interface_above = None
        .interface_below = None
        .rhoM = LaSrMnO3 rhoM = 0.912101 in [0.82,1.01]
        .thetaM = LaSrMnO3 thetaM = 280.683 in [0,359]
      .material
        .density = LaSrMnO3 density = 6.79561 in [6.45,7.14]
      .thickness = LaSrMnO3 thickness = 38.6423 in [30,47]
    [20]
      .interface = LaNiO3 interface = 9.99826 in [0.5,10]
      .magnetism
        .dead_above = LaNiO3 deadM above = 0
        .dead_below = LaNiO3 deadM below = 0
        .interface_above = None
        .interface_below = None
        .rhoM
          [0] = LaNiO3 rhoM[0] = 0.315407 in [0.299,0.331]
          [1] = LaNiO3 rhoM[1] = 0.316052 in [0.299,0.331]
        .thetaM
          [0] = LaNiO3 thetaM[0] = 36.6191 in [0,359]
          [1] = LaNiO3 thetaM[1] = 28.4243 in [0,359]
      .material
        .density = LaNiO3 density = 7.04606 in [6.71,7.42]
      .thickness = LaNiO3 thickness = 3.70572 in [1.8,5.5]
    [21]
      .interface = LaSrMnO3 interface = 9.99317 in [0.5,10]
      .magnetism
        .dead_above = LaSrMnO3 deadM above = 0
        .dead_below = LaSrMnO3 deadM below = 0
        .interface_above = None
        .interface_below = None
        .rhoM = LaSrMnO3 rhoM = 0.8651 in [0.81,1]
        .thetaM = LaSrMnO3 thetaM = 159.842 in [0,359]
      .material
        .density = LaSrMnO3 density = 6.79561 in [6.45,7.14]
      .thickness = LaSrMnO3 thickness = 30.4316 in [24,37]
    [22]
      .interface = LaNiO3 interface = 5.87625 in [0.5,10]
      .magnetism
        .dead_above = LaNiO3 deadM above = 0
        .dead_below = LaNiO3 deadM below = 0
        .interface_above = None
        .interface_below = None
        .rhoM
          [0] = LaNiO3 rhoM[0] = 0.303269 in [0.286,0.317]
          [1] = LaNiO3 rhoM[1] = 0.287562 in [0.272,0.302]
        .thetaM
          [0] = LaNiO3 thetaM[0] = 356.155 in [0,359]
          [1] = LaNiO3 thetaM[1] = 358.806 in [0,359]
      .material
        .density = LaNiO3 density = 7.04606 in [6.71,7.42]
      .thickness = LaNiO3 thickness = 12.262 in [6,19]
    [23]
      .interface = LaSrMnO3 interface = 2.32878 in [0.5,10]
      .magnetism
        .dead_above = LaSrMnO3 deadM above = 0
        .dead_below = LaSrMnO3 deadM below = 0
        .interface_above = None
        .interface_below = None
        .rhoM = LaSrMnO3 rhoM = 0.889051 in [0.81,1]
        .thetaM = LaSrMnO3 thetaM = 306.322 in [0,359]
      .material
        .density = LaSrMnO3 density = 6.79561 in [6.45,7.14]
      .thickness = LaSrMnO3 thickness = 36.6184 in [29,44]
    [24]
      .interface = LaNiO3 interface = 8.91344 in [0.5,10]
      .magnetism
        .dead_above = LaNiO3 deadM above = 0
        .dead_below = LaNiO3 deadM below = 0
        .interface_above = None
        .interface_below = None
        .rhoM
          [0] = LaNiO3 rhoM[0] = 0.318029 in [0.298,0.331]
          [1] = LaNiO3 rhoM[1] = 0.313551 in [0.294,0.327]
        .thetaM
          [0] = LaNiO3 thetaM[0] = 134.889 in [0,359]
          [1] = LaNiO3 thetaM[1] = 177.005 in [0,359]
      .material
        .density = LaNiO3 density = 7.04606 in [6.71,7.42]
      .thickness = LaNiO3 thickness = 12.4221 in [6,19]
    [25]
      .interface = LaSrMnO3 interface = 9.99805 in [0.5,10]
      .magnetism
        .dead_above = LaSrMnO3 deadM above = 0
        .dead_below = LaSrMnO3 deadM below = 0
        .interface_above = None
        .interface_below = None
        .rhoM = LaSrMnO3 rhoM = 0.893169 in [0.81,1]
        .thetaM = LaSrMnO3 thetaM = 311.799 in [0,359]
      .material
        .density = LaSrMnO3 density = 6.79561 in [6.45,7.14]
      .thickness = LaSrMnO3 thickness = 36.1086 in [28,44]
    [26]
      .interface = LaNiO3 interface = 9.32072 in [0.5,10]
      .magnetism
        .dead_above = LaNiO3 deadM above = 0
        .dead_below = LaNiO3 deadM below = 0
        .interface_above = None
        .interface_below = None
        .rhoM
          [0] = LaNiO3 rhoM[0] = 0.323842 in [0.298,0.33]
          [1] = LaNiO3 rhoM[1] = 0.315361 in [0.298,0.331]
        .thetaM
          [0] = LaNiO3 thetaM[0] = 252.823 in [0,359]
          [1] = LaNiO3 thetaM[1] = 20.1019 in [0,359]
      .material
        .density = LaNiO3 density = 7.04606 in [6.71,7.42]
      .thickness = LaNiO3 thickness = 17.0045 in [8,26]
    [27]
      .interface = LaSrMnO3 interface = 2.23222 in [0.5,10]
      .magnetism
        .dead_above = LaSrMnO3 deadM above = 0
        .dead_below = LaSrMnO3 deadM below = 0
        .interface_above = None
        .interface_below = None
        .rhoM = LaSrMnO3 rhoM = 0.842192 in [0.81,1]
        .thetaM = LaSrMnO3 thetaM = 186.402 in [0,359]
      .material
        .density = LaSrMnO3 density = 6.79561 in [6.45,7.14]
      .thickness = LaSrMnO3 thickness = 35.5344 in [28,43]
    [28]
      .interface = LaNiO3 interface = 9.11543 in [0.5,10]
      .magnetism
        .dead_above = LaNiO3 deadM above = 0
        .dead_below = LaNiO3 deadM below = 0
        .interface_above = None
        .interface_below = None
        .rhoM
          [0] = LaNiO3 rhoM[0] = 0.284653 in [0.269,0.299]
          [1] = LaNiO3 rhoM[1] = 0.28452 in [0.27,0.299]
        .thetaM
          [0] = LaNiO3 thetaM[0] = 343.994 in [0,359]
          [1] = LaNiO3 thetaM[1] = 358.624 in [0,359]
      .material
        .density = LaNiO3 density = 7.04606 in [6.71,7.42]
      .thickness = LaNiO3 thickness = 18.0126 in [8,27]
    [29]
      .interface = LaSrMnO3 interface = 9.99395 in [0.5,10]
      .magnetism
        .dead_above = LaSrMnO3 deadM above = 0
        .dead_below = LaSrMnO3 deadM below = 0
        .interface_above = None
        .interface_below = None
        .rhoM = LaSrMnO3 rhoM = 1.08068 in [0.96,1.18]
        .thetaM = LaSrMnO3 thetaM = 265.85 in [0,359]
      .material
        .density = LaSrMnO3 density = 6.79561 in [6.45,7.14]
      .thickness = LaSrMnO3 thickness = 33.9672 in [27,42]
    [30]
      .interface = LaNiO3 interface = 1.2232 in [0.5,10]
      .magnetism
        .dead_above = LaNiO3 deadM above = 0
        .dead_below = LaNiO3 deadM below = 0
        .interface_above = None
        .interface_below = None
        .rhoM
          [0] = LaNiO3 rhoM[0] = 0.302117 in [0.286,0.317]
          [1] = LaNiO3 rhoM[1] = 0.313536 in [0.299,0.331]
        .thetaM
          [0] = LaNiO3 thetaM[0] = 251.554 in [0,359]
          [1] = LaNiO3 thetaM[1] = 300.049 in [0,359]
      .material
        .density = LaNiO3 density = 7.04606 in [6.71,7.42]
      .thickness = LaNiO3 thickness = 16.4935 in [8,25]
    [31]
      .interface = air interface = 0
      .material = None
      .thickness = air thickness = 0
  .thickness = stack thickness = 678.665

[chisq=2.2(29), nllf=60.5494]
