-- Model 0 T5unpol
.probe
  .back_absorption = back_absorption T5unpol = 1
  .background = background T5unpol = 0
  .intensity = intensity T5unpol = 1
  .sample_broadening = sample_broadening T5unpol = 0
  .theta_offset = theta_offset T5unpol = 0
.sample
  .layers
    [0]
      .interface = SrTiO3 interface = 0.0643704 in [0,1]
      .material
        .irho = SrTiO3 irho = 0
        .rho = SrTiO3 rho = 3.54
      .thickness = SrTiO3 thickness = 0
    [1]
      .interface = multilayer top interface = 0.720111 in [0,1]
      .repeat = multilayer repeats = 5
      .stack
        .layers
          [0]
            .interface = LaSrMnO3 interface = 0.99911 in [0,1]
            .material
              .irho = LaSrMnO3 irho = 0
              .rho = LaSrMnO3 rho = 3.69922 in [3.33,4.07]
            .thickness = LaSrMnO3 thickness = 34.45 in [33.75,34.45]
          [1]
            .interface = LaNiO3 interface = 0.998114 in [0,1]
            .material
              .irho = LaNiO3 irho = 0
              .rho = LaNiO3 rho = 6.37287 in [5.7,7]
            .thickness = LaNiO3 thickness = 12.0997 in [10.9,12.1]
        .thickness = stack thickness = 46.5497
      .thickness = repeat thickness = 232.748
    [2]
      .interface = multilayer top interface = 0.080287 in [0,1]
      .repeat = multilayer repeats = 5
      .stack
        .layers
          [0]
            .interface = LaSrMnO3 interface = 0.0400747 in [0,1]
            .material
              .irho = LaSrMnO3 irho = 0
              .rho = LaSrMnO3 rho = 3.69922 in [3.33,4.07]
            .thickness = LaSrMnO3 thickness = 34.4499 in [33.75,34.45]
          [1]
            .interface = LaNiO3 interface = 0.991653 in [0,1]
            .material
              .irho = LaNiO3 irho = 0
              .rho = LaNiO3 rho = 6.37287 in [5.7,7]
            .thickness = LaNiO3 thickness = 4.04993 in [3.65,4.05]
        .thickness = stack thickness = 38.4998
      .thickness = repeat thickness = 192.499
    [3]
      .interface = multilayer top interface = 0.00646861 in [0,1]
      .repeat = multilayer repeats = 5
      .stack
        .layers
          [0]
            .interface = LaSrMnO3 interface = 0.99911 in [0,1]
            .material
              .irho = LaSrMnO3 irho = 0
              .rho = LaSrMnO3 rho = 3.69922 in [3.33,4.07]
            .thickness = LaSrMnO3 thickness = 34.45 in [33.75,34.45]
          [1]
            .interface = LaNiO3 interface = 0.998114 in [0,1]
            .material
              .irho = LaNiO3 irho = 0
              .rho = LaNiO3 rho = 6.37287 in [5.7,7]
            .thickness = LaNiO3 thickness = 12.0997 in [10.9,12.1]
        .thickness = stack thickness = 46.5497
      .thickness = repeat thickness = 232.748
    [4]
      .interface = air interface = 0
      .material = None
      .thickness = air thickness = 0
  .thickness = stack thickness = 657.996

[chisq=137.30(25), nllf=4324.9]
-- Model 1 T5unpol
.probe
  .back_absorption = back_absorption T5unpol = 1
  .background = background T5unpol = 0
  .intensity = intensity T5unpol = 1
  .sample_broadening = sample_broadening T5unpol = 0
  .theta_offset = theta_offset T5unpol = 0
.sample
  .layers
    [0]
      .interface = SrTiO3 interface = 1.5
      .material
        .irho = SrTiO3 irho = 0
        .rho = SrTiO3 rho = 3.54
      .thickness = SrTiO3 thickness = 0
    [1]
      .interface = LaSrMnO3 interface = 0.0488075 in [0,1]
      .material
        .irho = LaSrMnO3 irho = 0
        .rho = LaSrMnO3 rho = 3.69922 in [3.33,4.07]
      .thickness = LaSrMnO3 thickness = 32.3027 in [32.3,35.9]
    [2]
      .interface = LaNiO3 interface = 0.0444647 in [0,1]
      .material
        .irho = LaNiO3 irho = 0
        .rho = LaNiO3 rho = 6.37287 in [5.7,7]
      .thickness = LaNiO3 thickness = 12.0999 in [10.9,12.1]
    [3]
      .interface = LaSrMnO3 interface = 0.976545 in [0,1]
      .material
        .irho = LaSrMnO3 irho = 0
        .rho = LaSrMnO3 rho = 3.69922 in [3.33,4.07]
      .thickness = LaSrMnO3 thickness = 35.8997 in [32.3,35.9]
    [4]
      .interface = LaNiO3 interface = 0.982999 in [0,1]
      .material
        .irho = LaNiO3 irho = 0
        .rho = LaNiO3 rho = 6.37287 in [5.7,7]
      .thickness = LaNiO3 thickness = 10.9002 in [10.9,12.1]
    [5]
      .interface = LaSrMnO3 interface = 0.037504 in [0,1]
      .material
        .irho = LaSrMnO3 irho = 0
        .rho = LaSrMnO3 rho = 3.69922 in [3.33,4.07]
      .thickness = LaSrMnO3 thickness = 35.899 in [32.3,35.9]
    [6]
      .interface = LaNiO3 interface = 0.184393 in [0,1]
      .material
        .irho = LaNiO3 irho = 0
        .rho = LaNiO3 rho = 6.37287 in [5.7,7]
      .thickness = LaNiO3 thickness = 12.0953 in [10.9,12.1]
    [7]
      .interface = LaSrMnO3 interface = 0.980825 in [0,1]
      .material
        .irho = LaSrMnO3 irho = 0
        .rho = LaSrMnO3 rho = 3.69922 in [3.33,4.07]
      .thickness = LaSrMnO3 thickness = 35.899 in [32.3,35.9]
    [8]
      .interface = LaNiO3 interface = 0.964797 in [0,1]
      .material
        .irho = LaNiO3 irho = 0
        .rho = LaNiO3 rho = 6.37287 in [5.7,7]
      .thickness = LaNiO3 thickness = 10.9003 in [10.9,12.1]
    [9]
      .interface = LaSrMnO3 interface = 0.0620879 in [0,1]
      .material
        .irho = LaSrMnO3 irho = 0
        .rho = LaSrMnO3 rho = 3.69922 in [3.33,4.07]
      .thickness = LaSrMnO3 thickness = 35.8998 in [32.3,35.9]
    [10]
      .interface = LaNiO3 interface = 0.0929274 in [0,1]
      .material
        .irho = LaNiO3 irho = 0
        .rho = LaNiO3 rho = 6.37287 in [5.7,7]
      .thickness = LaNiO3 thickness = 12.0993 in [10.9,12.1]
    [11]
      .interface = LaSrMnO3 interface = 0.967793 in [0,1]
      .material
        .irho = LaSrMnO3 irho = 0
        .rho = LaSrMnO3 rho = 3.69922 in [3.33,4.07]
      .thickness = LaSrMnO3 thickness = 35.8997 in [32.3,35.9]
    [12]
      .interface = LaNiO3 interface = 0.974951 in [0,1]
      .material
        .irho = LaNiO3 irho = 0
        .rho = LaNiO3 rho = 6.37287 in [5.7,7]
      .thickness = LaNiO3 thickness = 3.65083 in [3.65,4.05]
    [13]
      .interface = LaSrMnO3 interface = 0.0465174 in [0,1]
      .material
        .irho = LaSrMnO3 irho = 0
        .rho = LaSrMnO3 rho = 3.69922 in [3.33,4.07]
      .thickness = LaSrMnO3 thickness = 35.899 in [32.3,35.9]
    [14]
      .interface = LaNiO3 interface = 0.994308 in [0,1]
      .material
        .irho = LaNiO3 irho = 0
        .rho = LaNiO3 rho = 6.37287 in [5.7,7]
      .thickness = LaNiO3 thickness = 4.0498 in [3.65,4.05]
    [15]
      .interface = LaSrMnO3 interface = 0.982787 in [0,1]
      .material
        .irho = LaSrMnO3 irho = 0
        .rho = LaSrMnO3 rho = 3.69922 in [3.33,4.07]
      .thickness = LaSrMnO3 thickness = 35.56 in [32.3,35.9]
    [16]
      .interface = LaNiO3 interface = 0.0714281 in [0,1]
      .material
        .irho = LaNiO3 irho = 0
        .rho = LaNiO3 rho = 6.37287 in [5.7,7]
      .thickness = LaNiO3 thickness = 4.04939 in [3.65,4.05]
    [17]
      .interface = LaSrMnO3 interface = 0.926778 in [0,1]
      .material
        .irho = LaSrMnO3 irho = 0
        .rho = LaSrMnO3 rho = 3.69922 in [3.33,4.07]
      .thickness = LaSrMnO3 thickness = 35.898 in [32.3,35.9]
    [18]
      .interface = LaNiO3 interface = 0.0770532 in [0,1]
      .material
        .irho = LaNiO3 irho = 0
        .rho = LaNiO3 rho = 6.37287 in [5.7,7]
      .thickness = LaNiO3 thickness = 4.04967 in [3.65,4.05]
    [19]
      .interface = LaSrMnO3 interface = 0.216508 in [0,1]
      .material
        .irho = LaSrMnO3 irho = 0
        .rho = LaSrMnO3 rho = 3.69922 in [3.33,4.07]
      .thickness = LaSrMnO3 thickness = 35.8955 in [32.3,35.9]
    [20]
      .interface = LaNiO3 interface = 0.984298 in [0,1]
      .material
        .irho = LaNiO3 irho = 0
        .rho = LaNiO3 rho = 6.37287 in [5.7,7]
      .thickness = LaNiO3 thickness = 4.0493 in [3.65,4.05]
    [21]
      .interface = LaSrMnO3 interface = 0.979919 in [0,1]
      .material
        .irho = LaSrMnO3 irho = 0
        .rho = LaSrMnO3 rho = 3.69922 in [3.33,4.07]
      .thickness = LaSrMnO3 thickness = 35.8935 in [32.3,35.9]
    [22]
      .interface = LaNiO3 interface = 0.0434447 in [0,1]
      .material
        .irho = LaNiO3 irho = 0
        .rho = LaNiO3 rho = 6.37287 in [5.7,7]
      .thickness = LaNiO3 thickness = 12.0997 in [10.9,12.1]
    [23]
      .interface = LaSrMnO3 interface = 0.0546579 in [0,1]
      .material
        .irho = LaSrMnO3 irho = 0
        .rho = LaSrMnO3 rho = 3.69922 in [3.33,4.07]
      .thickness = LaSrMnO3 thickness = 35.8993 in [32.3,35.9]
    [24]
      .interface = LaNiO3 interface = 0.994458 in [0,1]
      .material
        .irho = LaNiO3 irho = 0
        .rho = LaNiO3 rho = 6.37287 in [5.7,7]
      .thickness = LaNiO3 thickness = 10.9004 in [10.9,12.1]
    [25]
      .interface = LaSrMnO3 interface = 0.999122 in [0,1]
      .material
        .irho = LaSrMnO3 irho = 0
        .rho = LaSrMnO3 rho = 3.69922 in [3.33,4.07]
      .thickness = LaSrMnO3 thickness = 32.3109 in [32.3,35.9]
    [26]
      .interface = LaNiO3 interface = 0.0303017 in [0,1]
      .material
        .irho = LaNiO3 irho = 0
        .rho = LaNiO3 rho = 6.37287 in [5.7,7]
      .thickness = LaNiO3 thickness = 12.0976 in [10.9,12.1]
    [27]
      .interface = LaSrMnO3 interface = 0.0187367 in [0,1]
      .material
        .irho = LaSrMnO3 irho = 0
        .rho = LaSrMnO3 rho = 3.69922 in [3.33,4.07]
      .thickness = LaSrMnO3 thickness = 35.9 in [32.3,35.9]
    [28]
      .interface = LaNiO3 interface = 0.999519 in [0,1]
      .material
        .irho = LaNiO3 irho = 0
        .rho = LaNiO3 rho = 6.37287 in [5.7,7]
      .thickness = LaNiO3 thickness = 10.903 in [10.9,12.1]
    [29]
      .interface = LaSrMnO3 interface = 0.999313 in [0,1]
      .material
        .irho = LaSrMnO3 irho = 0
        .rho = LaSrMnO3 rho = 3.69922 in [3.33,4.07]
      .thickness = LaSrMnO3 thickness = 32.3001 in [32.3,35.9]
    [30]
      .interface = LaNiO3 interface = 0.0157265 in [0,1]
      .material
        .irho = LaNiO3 irho = 0
        .rho = LaNiO3 rho = 6.37287 in [5.7,7]
      .thickness = LaNiO3 thickness = 12.0999 in [10.9,12.1]
    [31]
      .interface = air interface = 0
      .material = None
      .thickness = air thickness = 0
  .thickness = stack thickness = 663.401

[chisq=115.0(11), nllf=3623.19]
[overall chisq=305.7(15), nllf=7948.1]
