.probe
  .Aguide = Aguide n101Gc1 = 270
  .H = H n101Gc1 = 0
  .mm
    .back_absorption = 1
    .background = 0
    .intensity = 1
    .sample_broadening = 0
    .theta_offset = 0
  .mp = None
  .pm = None
  .pp
    .back_absorption = 1
    .background = 0
    .intensity = 1
    .sample_broadening = 0
    .theta_offset = 0
.sample
  .layers
    [0]
      .interface = SrTiO3 interface = 1.5
      .material
        .irho = SrTiO3 irho = 0
        .rho = SrTiO3 rho = 3.54
      .thickness = SrTiO3 thickness = 0
    [1]
      .interface = LaSrMnO3 interface = 0.962254 in [0,1]
      .magnetism
        .dead_above = LaSrMnO3 deadM above = 0
        .dead_below = LaSrMnO3 deadM below = 0
        .interface_above = None
        .interface_below = None
        .rhoM = LaSrMnO3 rhoM = 1.19976 in [0.8,1.2]
        .thetaM = LaSrMnO3 thetaM = 270
      .material
        .irho = LaSrMnO3 irho = 0
        .rho = LaSrMnO3 rho = 3.7
      .thickness = LaSrMnO3 thickness = 35.8986 in [32.3,35.9]
    [2]
      .interface = LaNiO3 interface = 0.334759 in [0,1]
      .magnetism
        .dead_above = LaNiO3 deadM above = 0
        .dead_below = LaNiO3 deadM below = 0
        .interface_above = None
        .interface_below = None
        .rhoM = LaNiO3 rhoM = 0.359516 in [0.24,0.36]
        .thetaM = LaNiO3 thetaM = 270
      .material
        .irho = LaNiO3 irho = 0
        .rho = LaNiO3 rho = 6.359
      .thickness = LaNiO3 thickness = 12.097 in [10.9,12.1]
    [3]
      .interface = LaSrMnO3 interface = 0.951185 in [0,1]
      .magnetism
        .dead_above = LaSrMnO3 deadM above = 0
        .dead_below = LaSrMnO3 deadM below = 0
        .interface_above = None
        .interface_below = None
        .rhoM = LaSrMnO3 rhoM = 1.19984 in [0.8,1.2]
        .thetaM = LaSrMnO3 thetaM = 270
      .material
        .irho = LaSrMnO3 irho = 0
        .rho = LaSrMnO3 rho = 3.7
      .thickness = LaSrMnO3 thickness = 35.8987 in [32.3,35.9]
    [4]
      .interface = LaNiO3 interface = 0.515111 in [0,1]
      .magnetism
        .dead_above = LaNiO3 deadM above = 0
        .dead_below = LaNiO3 deadM below = 0
        .interface_above = None
        .interface_below = None
        .rhoM = LaNiO3 rhoM = 0.299907 in [0.24,0.36]
        .thetaM = LaNiO3 thetaM = 270
      .material
        .irho = LaNiO3 irho = 0
        .rho = LaNiO3 rho = 6.359
      .thickness = LaNiO3 thickness = 10.9261 in [10.9,12.1]
    [5]
      .interface = LaSrMnO3 interface = 0.976301 in [0,1]
      .magnetism
        .dead_above = LaSrMnO3 deadM above = 0
        .dead_below = LaSrMnO3 deadM below = 0
        .interface_above = None
        .interface_below = None
        .rhoM = LaSrMnO3 rhoM = 0.800245 in [0.8,1.2]
        .thetaM = LaSrMnO3 thetaM = 270
      .material
        .irho = LaSrMnO3 irho = 0
        .rho = LaSrMnO3 rho = 3.7
      .thickness = LaSrMnO3 thickness = 35.8974 in [32.3,35.9]
    [6]
      .interface = LaNiO3 interface = 0.353077 in [0,1]
      .magnetism
        .dead_above = LaNiO3 deadM above = 0
        .dead_below = LaNiO3 deadM below = 0
        .interface_above = None
        .interface_below = None
        .rhoM = LaNiO3 rhoM = 0.24076 in [0.24,0.36]
        .thetaM = LaNiO3 thetaM = 270
      .material
        .irho = LaNiO3 irho = 0
        .rho = LaNiO3 rho = 6.359
      .thickness = LaNiO3 thickness = 10.9038 in [10.9,12.1]
    [7]
      .interface = LaSrMnO3 interface = 0.810605 in [0,1]
      .magnetism
        .dead_above = LaSrMnO3 deadM above = 0
        .dead_below = LaSrMnO3 deadM below = 0
        .interface_above = None
        .interface_below = None
        .rhoM = LaSrMnO3 rhoM = 0.800202 in [0.8,1.2]
        .thetaM = LaSrMnO3 thetaM = 270
      .material
        .irho = LaSrMnO3 irho = 0
        .rho = LaSrMnO3 rho = 3.7
      .thickness = LaSrMnO3 thickness = 35.898 in [32.3,35.9]
    [8]
      .interface = LaNiO3 interface = 0.464567 in [0,1]
      .magnetism
        .dead_above = LaNiO3 deadM above = 0
        .dead_below = LaNiO3 deadM below = 0
        .interface_above = None
        .interface_below = None
        .rhoM = LaNiO3 rhoM = 0.240208 in [0.24,0.36]
        .thetaM = LaNiO3 thetaM = 270
      .material
        .irho = LaNiO3 irho = 0
        .rho = LaNiO3 rho = 6.359
      .thickness = LaNiO3 thickness = 10.9009 in [10.9,12.1]
    [9]
      .interface = LaSrMnO3 interface = 0.945222 in [0,1]
      .magnetism
        .dead_above = LaSrMnO3 deadM above = 0
        .dead_below = LaSrMnO3 deadM below = 0
        .interface_above = None
        .interface_below = None
        .rhoM = LaSrMnO3 rhoM = 0.800325 in [0.8,1.2]
        .thetaM = LaSrMnO3 thetaM = 270
      .material
        .irho = LaSrMnO3 irho = 0
        .rho = LaSrMnO3 rho = 3.7
      .thickness = LaSrMnO3 thickness = 35.8984 in [32.3,35.9]
    [10]
      .interface = LaNiO3 interface = 0.308716 in [0,1]
      .magnetism
        .dead_above = LaNiO3 deadM above = 0
        .dead_below = LaNiO3 deadM below = 0
        .interface_above = None
        .interface_below = None
        .rhoM = LaNiO3 rhoM = 0.240317 in [0.24,0.36]
        .thetaM = LaNiO3 thetaM = 270
      .material
        .irho = LaNiO3 irho = 0
        .rho = LaNiO3 rho = 6.359
      .thickness = LaNiO3 thickness = 10.9008 in [10.9,12.1]
    [11]
      .interface = LaSrMnO3 interface = 0.829894 in [0,1]
      .magnetism
        .dead_above = LaSrMnO3 deadM above = 0
        .dead_below = LaSrMnO3 deadM below = 0
        .interface_above = None
        .interface_below = None
        .rhoM = LaSrMnO3 rhoM = 0.800098 in [0.8,1.2]
        .thetaM = LaSrMnO3 thetaM = 270
      .material
        .irho = LaSrMnO3 irho = 0
        .rho = LaSrMnO3 rho = 3.7
      .thickness = LaSrMnO3 thickness = 35.8979 in [32.3,35.9]
    [12]
      .interface = LaNiO3 interface = 0.598949 in [0,1]
      .magnetism
        .dead_above = LaNiO3 deadM above = 0
        .dead_below = LaNiO3 deadM below = 0
        .interface_above = None
        .interface_below = None
        .rhoM = LaNiO3 rhoM = 0.240862 in [0.24,0.36]
        .thetaM = LaNiO3 thetaM = 270
      .material
        .irho = LaNiO3 irho = 0
        .rho = LaNiO3 rho = 6.359
      .thickness = LaNiO3 thickness = 3.65109 in [3.65,4.05]
    [13]
      .interface = LaSrMnO3 interface = 0.537287 in [0,1]
      .magnetism
        .dead_above = LaSrMnO3 deadM above = 0
        .dead_below = LaSrMnO3 deadM below = 0
        .interface_above = None
        .interface_below = None
        .rhoM = LaSrMnO3 rhoM = 0.800038 in [0.8,1.2]
        .thetaM = LaSrMnO3 thetaM = 270
      .material
        .irho = LaSrMnO3 irho = 0
        .rho = LaSrMnO3 rho = 3.7
      .thickness = LaSrMnO3 thickness = 35.8995 in [32.3,35.9]
    [14]
      .interface = LaNiO3 interface = 0.566371 in [0,1]
      .magnetism
        .dead_above = LaNiO3 deadM above = 0
        .dead_below = LaNiO3 deadM below = 0
        .interface_above = None
        .interface_below = None
        .rhoM = LaNiO3 rhoM = 0.24039 in [0.24,0.36]
        .thetaM = LaNiO3 thetaM = 270
      .material
        .irho = LaNiO3 irho = 0
        .rho = LaNiO3 rho = 6.359
      .thickness = LaNiO3 thickness = 3.65067 in [3.65,4.05]
    [15]
      .interface = LaSrMnO3 interface = 0.507196 in [0,1]
      .magnetism
        .dead_above = LaSrMnO3 deadM above = 0
        .dead_below = LaSrMnO3 deadM below = 0
        .interface_above = None
        .interface_below = None
        .rhoM = LaSrMnO3 rhoM = 0.800061 in [0.8,1.2]
        .thetaM = LaSrMnO3 thetaM = 270
      .material
        .irho = LaSrMnO3 irho = 0
        .rho = LaSrMnO3 rho = 3.7
      .thickness = LaSrMnO3 thickness = 35.8997 in [32.3,35.9]
    [16]
      .interface = LaNiO3 interface = 0.557913 in [0,1]
      .magnetism
        .dead_above = LaNiO3 deadM above = 0
        .dead_below = LaNiO3 deadM below = 0
        .interface_above = None
        .interface_below = None
        .rhoM = LaNiO3 rhoM = 0.240642 in [0.24,0.36]
        .thetaM = LaNiO3 thetaM = 270
      .material
        .irho = LaNiO3 irho = 0
        .rho = LaNiO3 rho = 6.359
      .thickness = LaNiO3 thickness = 3.65094 in [3.65,4.05]
    [17]
      .interface = LaSrMnO3 interface = 0.280538 in [0,1]
      .magnetism
        .dead_above = LaSrMnO3 deadM above = 0
        .dead_below = LaSrMnO3 deadM below = 0
        .interface_above = None
        .interface_below = None
        .rhoM = LaSrMnO3 rhoM = 0.800073 in [0.8,1.2]
        .thetaM = LaSrMnO3 thetaM = 270
      .material
        .irho = LaSrMnO3 irho = 0
        .rho = LaSrMnO3 rho = 3.7
      .thickness = LaSrMnO3 thickness = 35.8976 in [32.3,35.9]
    [18]
      .interface = LaNiO3 interface = 0.719917 in [0,1]
      .magnetism
        .dead_above = LaNiO3 deadM above = 0
        .dead_below = LaNiO3 deadM below = 0
        .interface_above = None
        .interface_below = None
        .rhoM = LaNiO3 rhoM = 0.240422 in [0.24,0.36]
        .thetaM = LaNiO3 thetaM = 270
      .material
        .irho = LaNiO3 irho = 0
        .rho = LaNiO3 rho = 6.359
      .thickness = LaNiO3 thickness = 3.65229 in [3.65,4.05]
    [19]
      .interface = LaSrMnO3 interface = 0.174634 in [0,1]
      .magnetism
        .dead_above = LaSrMnO3 deadM above = 0
        .dead_below = LaSrMnO3 deadM below = 0
        .interface_above = None
        .interface_below = None
        .rhoM = LaSrMnO3 rhoM = 0.800261 in [0.8,1.2]
        .thetaM = LaSrMnO3 thetaM = 270
      .material
        .irho = LaSrMnO3 irho = 0
        .rho = LaSrMnO3 rho = 3.7
      .thickness = LaSrMnO3 thickness = 35.8989 in [32.3,35.9]
    [20]
      .interface = LaNiO3 interface = 0.950745 in [0,1]
      .magnetism
        .dead_above = LaNiO3 deadM above = 0
        .dead_below = LaNiO3 deadM below = 0
        .interface_above = None
        .interface_below = None
        .rhoM = LaNiO3 rhoM = 0.240256 in [0.24,0.36]
        .thetaM = LaNiO3 thetaM = 270
      .material
        .irho = LaNiO3 irho = 0
        .rho = LaNiO3 rho = 6.359
      .thickness = LaNiO3 thickness = 3.65922 in [3.65,4.05]
    [21]
      .interface = LaSrMnO3 interface = 0.189527 in [0,1]
      .magnetism
        .dead_above = LaSrMnO3 deadM above = 0
        .dead_below = LaSrMnO3 deadM below = 0
        .interface_above = None
        .interface_below = None
        .rhoM = LaSrMnO3 rhoM = 0.800221 in [0.8,1.2]
        .thetaM = LaSrMnO3 thetaM = 270
      .material
        .irho = LaSrMnO3 irho = 0
        .rho = LaSrMnO3 rho = 3.7
      .thickness = LaSrMnO3 thickness = 35.8997 in [32.3,35.9]
    [22]
      .interface = LaNiO3 interface = 0.26177 in [0,1]
      .magnetism
        .dead_above = LaNiO3 deadM above = 0
        .dead_below = LaNiO3 deadM below = 0
        .interface_above = None
        .interface_below = None
        .rhoM = LaNiO3 rhoM = 0.240005 in [0.24,0.36]
        .thetaM = LaNiO3 thetaM = 270
      .material
        .irho = LaNiO3 irho = 0
        .rho = LaNiO3 rho = 6.359
      .thickness = LaNiO3 thickness = 12.0969 in [10.9,12.1]
    [23]
      .interface = LaSrMnO3 interface = 0.235303 in [0,1]
      .magnetism
        .dead_above = LaSrMnO3 deadM above = 0
        .dead_below = LaSrMnO3 deadM below = 0
        .interface_above = None
        .interface_below = None
        .rhoM = LaSrMnO3 rhoM = 0.800344 in [0.8,1.2]
        .thetaM = LaSrMnO3 thetaM = 270
      .material
        .irho = LaSrMnO3 irho = 0
        .rho = LaSrMnO3 rho = 3.7
      .thickness = LaSrMnO3 thickness = 35.8959 in [32.3,35.9]
    [24]
      .interface = LaNiO3 interface = 0.968397 in [0,1]
      .magnetism
        .dead_above = LaNiO3 deadM above = 0
        .dead_below = LaNiO3 deadM below = 0
        .interface_above = None
        .interface_below = None
        .rhoM = LaNiO3 rhoM = 0.240039 in [0.24,0.36]
        .thetaM = LaNiO3 thetaM = 270
      .material
        .irho = LaNiO3 irho = 0
        .rho = LaNiO3 rho = 6.359
      .thickness = LaNiO3 thickness = 12.1 in [10.9,12.1]
    [25]
      .interface = LaSrMnO3 interface = 0.368848 in [0,1]
      .magnetism
        .dead_above = LaSrMnO3 deadM above = 0
        .dead_below = LaSrMnO3 deadM below = 0
        .interface_above = None
        .interface_below = None
        .rhoM = LaSrMnO3 rhoM = 0.800117 in [0.8,1.2]
        .thetaM = LaSrMnO3 thetaM = 270
      .material
        .irho = LaSrMnO3 irho = 0
        .rho = LaSrMnO3 rho = 3.7
      .thickness = LaSrMnO3 thickness = 35.8977 in [32.3,35.9]
    [26]
      .interface = LaNiO3 interface = 0.946073 in [0,1]
      .magnetism
        .dead_above = LaNiO3 deadM above = 0
        .dead_below = LaNiO3 deadM below = 0
        .interface_above = None
        .interface_below = None
        .rhoM = LaNiO3 rhoM = 0.240114 in [0.24,0.36]
        .thetaM = LaNiO3 thetaM = 270
      .material
        .irho = LaNiO3 irho = 0
        .rho = LaNiO3 rho = 6.359
      .thickness = LaNiO3 thickness = 12.0998 in [10.9,12.1]
    [27]
      .interface = LaSrMnO3 interface = 0.704972 in [0,1]
      .magnetism
        .dead_above = LaSrMnO3 deadM above = 0
        .dead_below = LaSrMnO3 deadM below = 0
        .interface_above = None
        .interface_below = None
        .rhoM = LaSrMnO3 rhoM = 0.80061 in [0.8,1.2]
        .thetaM = LaSrMnO3 thetaM = 270
      .material
        .irho = LaSrMnO3 irho = 0
        .rho = LaSrMnO3 rho = 3.7
      .thickness = LaSrMnO3 thickness = 35.8971 in [32.3,35.9]
    [28]
      .interface = LaNiO3 interface = 0.532092 in [0,1]
      .magnetism
        .dead_above = LaNiO3 deadM above = 0
        .dead_below = LaNiO3 deadM below = 0
        .interface_above = None
        .interface_below = None
        .rhoM = LaNiO3 rhoM = 0.240159 in [0.24,0.36]
        .thetaM = LaNiO3 thetaM = 270
      .material
        .irho = LaNiO3 irho = 0
        .rho = LaNiO3 rho = 6.359
      .thickness = LaNiO3 thickness = 12.0993 in [10.9,12.1]
    [29]
      .interface = LaSrMnO3 interface = 0.939011 in [0,1]
      .magnetism
        .dead_above = LaSrMnO3 deadM above = 0
        .dead_below = LaSrMnO3 deadM below = 0
        .interface_above = None
        .interface_below = None
        .rhoM = LaSrMnO3 rhoM = 0.800651 in [0.8,1.2]
        .thetaM = LaSrMnO3 thetaM = 270
      .material
        .irho = LaSrMnO3 irho = 0
        .rho = LaSrMnO3 rho = 3.7
      .thickness = LaSrMnO3 thickness = 35.897 in [32.3,35.9]
    [30]
      .interface = LaNiO3 interface = 0.195018 in [0,1]
      .magnetism
        .dead_above = LaNiO3 deadM above = 0
        .dead_below = LaNiO3 deadM below = 0
        .interface_above = None
        .interface_below = None
        .rhoM = LaNiO3 rhoM = 0.242221 in [0.24,0.36]
        .thetaM = LaNiO3 thetaM = 270
      .material
        .irho = LaNiO3 irho = 0
        .rho = LaNiO3 rho = 6.359
      .thickness = LaNiO3 thickness = 12.0996 in [10.9,12.1]
    [31]
      .interface = air interface = 0
      .material = None
      .thickness = air thickness = 0
  .thickness = stack thickness = 672.961

[chisq=53.2(26), nllf=984.211]
