.probe
  .back_absorption = back_absorption T5unpol = 1
  .background = background T5unpol = 0
  .intensity = intensity T5unpol = 1
  .sample_broadening = sample_broadening T5unpol = 0
  .theta_offset = theta_offset T5unpol = 0
.sample
  .layers
    [0]
      .interface = SrTiO3 interface = 1.5
      .material
        .irho = SrTiO3 irho = 0
        .rho = SrTiO3 rho = 3.54
      .thickness = SrTiO3 thickness = 0
    [1]
      .interface = LaSrMnO3 interface = 0.987091 in [0,1]
      .material
        .irho = LaSrMnO3 irho = 0
        .rho = LaSrMnO3 rho = 3.27801 in [2.2,5.2]
      .thickness = LaSrMnO3 thickness = 40.9908 in [27,41]
    [2]
      .interface = LaNiO3 interface = 0.560363 in [0,1]
      .material
        .irho = LaNiO3 irho = 0
        .rho = LaNiO3 rho = 8.07887 in [3.8,9]
      .thickness = LaNiO3 thickness = 13.3452 in [9.2,13.8]
    [3]
      .interface = LaSrMnO3 interface = 0.340378 in [0,1]
      .material
        .irho = LaSrMnO3 irho = 0
        .rho = LaSrMnO3 rho = 3.27801 in [2.2,5.2]
      .thickness = LaSrMnO3 thickness = 40.9956 in [27,41]
    [4]
      .interface = LaNiO3 interface = 0.929435 in [0,1]
      .material
        .irho = LaNiO3 irho = 0
        .rho = LaNiO3 rho = 8.07887 in [3.8,9]
      .thickness = LaNiO3 thickness = 9.20225 in [9.2,13.8]
    [5]
      .interface = LaSrMnO3 interface = 0.809421 in [0,1]
      .material
        .irho = LaSrMnO3 irho = 0
        .rho = LaSrMnO3 rho = 3.27801 in [2.2,5.2]
      .thickness = LaSrMnO3 thickness = 40.9884 in [27,41]
    [6]
      .interface = LaNiO3 interface = 0.42675 in [0,1]
      .material
        .irho = LaNiO3 irho = 0
        .rho = LaNiO3 rho = 8.07887 in [3.8,9]
      .thickness = LaNiO3 thickness = 10.9892 in [9.2,13.8]
    [7]
      .interface = LaSrMnO3 interface = 0.860079 in [0,1]
      .material
        .irho = LaSrMnO3 irho = 0
        .rho = LaSrMnO3 rho = 3.27801 in [2.2,5.2]
      .thickness = LaSrMnO3 thickness = 37.5674 in [27,41]
    [8]
      .interface = LaNiO3 interface = 0.199403 in [0,1]
      .material
        .irho = LaNiO3 irho = 0
        .rho = LaNiO3 rho = 8.07887 in [3.8,9]
      .thickness = LaNiO3 thickness = 9.27902 in [9.2,13.8]
    [9]
      .interface = LaSrMnO3 interface = 0.147376 in [0,1]
      .material
        .irho = LaSrMnO3 irho = 0
        .rho = LaSrMnO3 rho = 3.27801 in [2.2,5.2]
      .thickness = LaSrMnO3 thickness = 40.9881 in [27,41]
    [10]
      .interface = LaNiO3 interface = 0.872982 in [0,1]
      .material
        .irho = LaNiO3 irho = 0
        .rho = LaNiO3 rho = 8.07887 in [3.8,9]
      .thickness = LaNiO3 thickness = 9.87517 in [9.2,13.8]
    [11]
      .interface = LaSrMnO3 interface = 0.603806 in [0,1]
      .material
        .irho = LaSrMnO3 irho = 0
        .rho = LaSrMnO3 rho = 3.27801 in [2.2,5.2]
      .thickness = LaSrMnO3 thickness = 35.2996 in [27,41]
    [12]
      .interface = LaNiO3 interface = 0.208963 in [0,1]
      .material
        .irho = LaNiO3 irho = 0
        .rho = LaNiO3 rho = 8.07887 in [3.8,9]
      .thickness = LaNiO3 thickness = 4.68972 in [3,4.7]
    [13]
      .interface = LaSrMnO3 interface = 0.441678 in [0,1]
      .material
        .irho = LaSrMnO3 irho = 0
        .rho = LaSrMnO3 rho = 3.27801 in [2.2,5.2]
      .thickness = LaSrMnO3 thickness = 32.6541 in [27,41]
    [14]
      .interface = LaNiO3 interface = 0.713175 in [0,1]
      .material
        .irho = LaNiO3 irho = 0
        .rho = LaNiO3 rho = 8.07887 in [3.8,9]
      .thickness = LaNiO3 thickness = 4.6967 in [3,4.7]
    [15]
      .interface = LaSrMnO3 interface = 0.0119662 in [0,1]
      .material
        .irho = LaSrMnO3 irho = 0
        .rho = LaSrMnO3 rho = 3.27801 in [2.2,5.2]
      .thickness = LaSrMnO3 thickness = 27.1497 in [27,41]
    [16]
      .interface = LaNiO3 interface = 0.927668 in [0,1]
      .material
        .irho = LaNiO3 irho = 0
        .rho = LaNiO3 rho = 8.07887 in [3.8,9]
      .thickness = LaNiO3 thickness = 4.69867 in [3,4.7]
    [17]
      .interface = LaSrMnO3 interface = 0.855161 in [0,1]
      .material
        .irho = LaSrMnO3 irho = 0
        .rho = LaSrMnO3 rho = 3.27801 in [2.2,5.2]
      .thickness = LaSrMnO3 thickness = 27.0039 in [27,41]
    [18]
      .interface = LaNiO3 interface = 0.36252 in [0,1]
      .material
        .irho = LaNiO3 irho = 0
        .rho = LaNiO3 rho = 8.07887 in [3.8,9]
      .thickness = LaNiO3 thickness = 4.69633 in [3,4.7]
    [19]
      .interface = LaSrMnO3 interface = 0.933399 in [0,1]
      .material
        .irho = LaSrMnO3 irho = 0
        .rho = LaSrMnO3 rho = 3.27801 in [2.2,5.2]
      .thickness = LaSrMnO3 thickness = 27.0412 in [27,41]
    [20]
      .interface = LaNiO3 interface = 0.344193 in [0,1]
      .material
        .irho = LaNiO3 irho = 0
        .rho = LaNiO3 rho = 8.07887 in [3.8,9]
      .thickness = LaNiO3 thickness = 4.67766 in [3,4.7]
    [21]
      .interface = LaSrMnO3 interface = 0.74887 in [0,1]
      .material
        .irho = LaSrMnO3 irho = 0
        .rho = LaSrMnO3 rho = 3.27801 in [2.2,5.2]
      .thickness = LaSrMnO3 thickness = 40.9681 in [27,41]
    [22]
      .interface = LaNiO3 interface = 0.0522201 in [0,1]
      .material
        .irho = LaNiO3 irho = 0
        .rho = LaNiO3 rho = 8.07887 in [3.8,9]
      .thickness = LaNiO3 thickness = 13.7935 in [9.2,13.8]
    [23]
      .interface = LaSrMnO3 interface = 0.161047 in [0,1]
      .material
        .irho = LaSrMnO3 irho = 0
        .rho = LaSrMnO3 rho = 3.27801 in [2.2,5.2]
      .thickness = LaSrMnO3 thickness = 40.9952 in [27,41]
    [24]
      .interface = LaNiO3 interface = 0.969606 in [0,1]
      .material
        .irho = LaNiO3 irho = 0
        .rho = LaNiO3 rho = 8.07887 in [3.8,9]
      .thickness = LaNiO3 thickness = 9.20277 in [9.2,13.8]
    [25]
      .interface = LaSrMnO3 interface = 0.972712 in [0,1]
      .material
        .irho = LaSrMnO3 irho = 0
        .rho = LaSrMnO3 rho = 3.27801 in [2.2,5.2]
      .thickness = LaSrMnO3 thickness = 31.7712 in [27,41]
    [26]
      .interface = LaNiO3 interface = 0.224422 in [0,1]
      .material
        .irho = LaNiO3 irho = 0
        .rho = LaNiO3 rho = 8.07887 in [3.8,9]
      .thickness = LaNiO3 thickness = 11.4752 in [9.2,13.8]
    [27]
      .interface = LaSrMnO3 interface = 0.308081 in [0,1]
      .material
        .irho = LaSrMnO3 irho = 0
        .rho = LaSrMnO3 rho = 3.27801 in [2.2,5.2]
      .thickness = LaSrMnO3 thickness = 40.9982 in [27,41]
    [28]
      .interface = LaNiO3 interface = 0.981218 in [0,1]
      .material
        .irho = LaNiO3 irho = 0
        .rho = LaNiO3 rho = 8.07887 in [3.8,9]
      .thickness = LaNiO3 thickness = 9.57408 in [9.2,13.8]
    [29]
      .interface = LaSrMnO3 interface = 0.958227 in [0,1]
      .material
        .irho = LaSrMnO3 irho = 0
        .rho = LaSrMnO3 rho = 3.27801 in [2.2,5.2]
      .thickness = LaSrMnO3 thickness = 27.0015 in [27,41]
    [30]
      .interface = LaNiO3 interface = 0.0833231 in [0,1]
      .material
        .irho = LaNiO3 irho = 0
        .rho = LaNiO3 rho = 8.07887 in [3.8,9]
      .thickness = LaNiO3 thickness = 13.7992 in [9.2,13.8]
    [31]
      .interface = air interface = 0
      .material = None
      .thickness = air thickness = 0
  .thickness = stack thickness = 666.408

[chisq=1307(67), nllf=653.403]
